-------------------------------------------------------------------------------
Test set: org.apache.hadoop.fs.TestLocalDirAllocator
-------------------------------------------------------------------------------
Tests run: 30, Failures: 2, Errors: 8, Skipped: 0, Time elapsed: 0.783 sec <<< FAILURE! - in org.apache.hadoop.fs.TestLocalDirAllocator
test0[2](org.apache.hadoop.fs.TestLocalDirAllocator)  Time elapsed: 0.012 sec  <<< ERROR!
org.apache.hadoop.util.Shell$ExitCodeException: chmod: build/test/temp: No such file or directory

	at org.apache.hadoop.util.Shell.runCommand(Shell.java:505)
	at org.apache.hadoop.util.Shell.run(Shell.java:418)
	at org.apache.hadoop.util.Shell$ShellCommandExecutor.execute(Shell.java:650)
	at org.apache.hadoop.util.Shell.execCommand(Shell.java:739)
	at org.apache.hadoop.util.Shell.execCommand(Shell.java:722)
	at org.apache.hadoop.fs.TestLocalDirAllocator.test0(TestLocalDirAllocator.java:144)

testROBufferDirAndRWBufferDir[2](org.apache.hadoop.fs.TestLocalDirAllocator)  Time elapsed: 0.007 sec  <<< ERROR!
org.apache.hadoop.util.Shell$ExitCodeException: chmod: build/test/temp: No such file or directory

	at org.apache.hadoop.util.Shell.runCommand(Shell.java:505)
	at org.apache.hadoop.util.Shell.run(Shell.java:418)
	at org.apache.hadoop.util.Shell$ShellCommandExecutor.execute(Shell.java:650)
	at org.apache.hadoop.util.Shell.execCommand(Shell.java:739)
	at org.apache.hadoop.util.Shell.execCommand(Shell.java:722)
	at org.apache.hadoop.fs.TestLocalDirAllocator.testROBufferDirAndRWBufferDir(TestLocalDirAllocator.java:166)

testDirsNotExist[2](org.apache.hadoop.fs.TestLocalDirAllocator)  Time elapsed: 0.002 sec  <<< ERROR!
java.lang.IllegalArgumentException: n must be positive
	at java.util.Random.nextInt(Random.java:250)
	at org.apache.hadoop.fs.LocalDirAllocator$AllocatorPerContext.confChanged(LocalDirAllocator.java:305)
	at org.apache.hadoop.fs.LocalDirAllocator$AllocatorPerContext.getLocalPathForWrite(LocalDirAllocator.java:344)
	at org.apache.hadoop.fs.LocalDirAllocator$AllocatorPerContext.createTmpFileForWrite(LocalDirAllocator.java:416)
	at org.apache.hadoop.fs.LocalDirAllocator.createTmpFileForWrite(LocalDirAllocator.java:198)
	at org.apache.hadoop.fs.TestLocalDirAllocator.createTempFile(TestLocalDirAllocator.java:119)
	at org.apache.hadoop.fs.TestLocalDirAllocator.testDirsNotExist(TestLocalDirAllocator.java:183)

testRWBufferDirBecomesRO[2](org.apache.hadoop.fs.TestLocalDirAllocator)  Time elapsed: 0.002 sec  <<< FAILURE!
java.lang.AssertionError: null
	at org.junit.Assert.fail(Assert.java:92)
	at org.junit.Assert.assertTrue(Assert.java:43)
	at org.junit.Assert.assertTrue(Assert.java:54)
	at org.apache.hadoop.fs.TestLocalDirAllocator.testRWBufferDirBecomesRO(TestLocalDirAllocator.java:207)

testCreateManyFiles[2](org.apache.hadoop.fs.TestLocalDirAllocator)  Time elapsed: 0.001 sec  <<< FAILURE!
java.lang.AssertionError: null
	at org.junit.Assert.fail(Assert.java:92)
	at org.junit.Assert.assertTrue(Assert.java:43)
	at org.junit.Assert.assertTrue(Assert.java:54)
	at org.apache.hadoop.fs.TestLocalDirAllocator.testCreateManyFiles(TestLocalDirAllocator.java:246)

testLocalPathForWriteDirCreation[2](org.apache.hadoop.fs.TestLocalDirAllocator)  Time elapsed: 0.008 sec  <<< ERROR!
org.apache.hadoop.util.Shell$ExitCodeException: chmod: build/test/temp: No such file or directory

	at org.apache.hadoop.util.Shell.runCommand(Shell.java:505)
	at org.apache.hadoop.util.Shell.run(Shell.java:418)
	at org.apache.hadoop.util.Shell$ShellCommandExecutor.execute(Shell.java:650)
	at org.apache.hadoop.util.Shell.execCommand(Shell.java:739)
	at org.apache.hadoop.util.Shell.execCommand(Shell.java:722)
	at org.apache.hadoop.fs.TestLocalDirAllocator.testLocalPathForWriteDirCreation(TestLocalDirAllocator.java:296)

testNoSideEffects[2](org.apache.hadoop.fs.TestLocalDirAllocator)  Time elapsed: 0.007 sec  <<< ERROR!
org.apache.hadoop.util.Shell$ExitCodeException: chmod: build/test/temp: No such file or directory

	at org.apache.hadoop.util.Shell.runCommand(Shell.java:505)
	at org.apache.hadoop.util.Shell.run(Shell.java:418)
	at org.apache.hadoop.util.Shell$ShellCommandExecutor.execute(Shell.java:650)
	at org.apache.hadoop.util.Shell.execCommand(Shell.java:739)
	at org.apache.hadoop.util.Shell.execCommand(Shell.java:722)
	at org.apache.hadoop.fs.TestLocalDirAllocator.testNoSideEffects(TestLocalDirAllocator.java:319)

testGetLocalPathToRead[2](org.apache.hadoop.fs.TestLocalDirAllocator)  Time elapsed: 0.007 sec  <<< ERROR!
org.apache.hadoop.util.Shell$ExitCodeException: chmod: build/test/temp: No such file or directory

	at org.apache.hadoop.util.Shell.runCommand(Shell.java:505)
	at org.apache.hadoop.util.Shell.run(Shell.java:418)
	at org.apache.hadoop.util.Shell$ShellCommandExecutor.execute(Shell.java:650)
	at org.apache.hadoop.util.Shell.execCommand(Shell.java:739)
	at org.apache.hadoop.util.Shell.execCommand(Shell.java:722)
	at org.apache.hadoop.fs.TestLocalDirAllocator.testGetLocalPathToRead(TestLocalDirAllocator.java:343)

testGetAllLocalPathsToRead[2](org.apache.hadoop.fs.TestLocalDirAllocator)  Time elapsed: 0.008 sec  <<< ERROR!
org.apache.hadoop.util.Shell$ExitCodeException: chmod: build/test/temp: No such file or directory

	at org.apache.hadoop.util.Shell.runCommand(Shell.java:505)
	at org.apache.hadoop.util.Shell.run(Shell.java:418)
	at org.apache.hadoop.util.Shell$ShellCommandExecutor.execute(Shell.java:650)
	at org.apache.hadoop.util.Shell.execCommand(Shell.java:739)
	at org.apache.hadoop.util.Shell.execCommand(Shell.java:722)
	at org.apache.hadoop.fs.TestLocalDirAllocator.testGetAllLocalPathsToRead(TestLocalDirAllocator.java:398)

testRemoveContext[2](org.apache.hadoop.fs.TestLocalDirAllocator)  Time elapsed: 0.002 sec  <<< ERROR!
java.lang.IllegalArgumentException: n must be positive
	at java.util.Random.nextInt(Random.java:250)
	at org.apache.hadoop.fs.LocalDirAllocator$AllocatorPerContext.confChanged(LocalDirAllocator.java:305)
	at org.apache.hadoop.fs.LocalDirAllocator$AllocatorPerContext.getLocalPathForWrite(LocalDirAllocator.java:344)
	at org.apache.hadoop.fs.LocalDirAllocator.getLocalPathForWrite(LocalDirAllocator.java:150)
	at org.apache.hadoop.fs.LocalDirAllocator.getLocalPathForWrite(LocalDirAllocator.java:131)
	at org.apache.hadoop.fs.TestLocalDirAllocator.testRemoveContext(TestLocalDirAllocator.java:411)

