<?xml version="1.0" encoding="UTF-8"?>
<testsuite name="org.apache.hadoop.fs.TestFsShellCopy" time="0.434" tests="15" errors="0" skipped="4" failures="9">
  <properties>
[...]
</properties>
  <testcase name="testCopyNoCrc" classname="org.apache.hadoop.fs.TestFsShellCopy" time="0.046">
    <failure message="expected:&lt;0&gt; but was:&lt;1&gt;" type="java.lang.AssertionError"><![CDATA[java.lang.AssertionError: expected:<0> but was:<1>
	at org.junit.Assert.fail(Assert.java:93)
	at org.junit.Assert.failNotEquals(Assert.java:647)
	at org.junit.Assert.assertEquals(Assert.java:128)
	at org.junit.Assert.assertEquals(Assert.java:472)
	at org.junit.Assert.assertEquals(Assert.java:456)
	at org.apache.hadoop.fs.TestFsShellCopy.shellRun(TestFsShellCopy.java:99)
	at org.apache.hadoop.fs.TestFsShellCopy.testCopyNoCrc(TestFsShellCopy.java:67)
]]></failure>
    <system-out><![CDATA[2014-04-20 10:23:34,262 WARN  util.NativeCodeLoader (NativeCodeLoader.java:<clinit>(62)) - Unable to load native-hadoop library for your platform... using builtin-java classes where applicable
]]></system-out>
    <system-err><![CDATA[get: unexpected URISyntaxException
]]></system-err>
  </testcase>
  <testcase name="testCopyCrc" classname="org.apache.hadoop.fs.TestFsShellCopy" time="0.014">
    <failure message="expected:&lt;0&gt; but was:&lt;1&gt;" type="java.lang.AssertionError"><![CDATA[java.lang.AssertionError: expected:<0> but was:<1>
	at org.junit.Assert.fail(Assert.java:93)
	at org.junit.Assert.failNotEquals(Assert.java:647)
	at org.junit.Assert.assertEquals(Assert.java:128)
	at org.junit.Assert.assertEquals(Assert.java:472)
	at org.junit.Assert.assertEquals(Assert.java:456)
	at org.apache.hadoop.fs.TestFsShellCopy.shellRun(TestFsShellCopy.java:99)
	at org.apache.hadoop.fs.TestFsShellCopy.testCopyCrc(TestFsShellCopy.java:73)
]]></failure>
    <system-err><![CDATA[get: unexpected URISyntaxException
]]></system-err>
  </testcase>
  <testcase name="testCorruptedCopyCrc" classname="org.apache.hadoop.fs.TestFsShellCopy" time="0.014"/>
  <testcase name="testCorruptedCopyIgnoreCrc" classname="org.apache.hadoop.fs.TestFsShellCopy" time="0.013">
    <failure message="expected:&lt;0&gt; but was:&lt;1&gt;" type="java.lang.AssertionError"><![CDATA[java.lang.AssertionError: expected:<0> but was:<1>
	at org.junit.Assert.fail(Assert.java:93)
	at org.junit.Assert.failNotEquals(Assert.java:647)
	at org.junit.Assert.assertEquals(Assert.java:128)
	at org.junit.Assert.assertEquals(Assert.java:472)
	at org.junit.Assert.assertEquals(Assert.java:456)
	at org.apache.hadoop.fs.TestFsShellCopy.shellRun(TestFsShellCopy.java:99)
	at org.apache.hadoop.fs.TestFsShellCopy.testCorruptedCopyIgnoreCrc(TestFsShellCopy.java:88)
]]></failure>
    <system-err><![CDATA[get: unexpected URISyntaxException
]]></system-err>
  </testcase>
  <testcase name="testCopyFileFromLocal" classname="org.apache.hadoop.fs.TestFsShellCopy" time="0.036">
    <failure type="java.lang.AssertionError:">java.lang.AssertionError: null
	at org.junit.Assert.fail(Assert.java:92)
	at org.junit.Assert.assertTrue(Assert.java:43)
	at org.junit.Assert.assertTrue(Assert.java:54)
	at org.apache.hadoop.fs.TestFsShellCopy.checkPut(TestFsShellCopy.java:258)
	at org.apache.hadoop.fs.TestFsShellCopy.checkPut(TestFsShellCopy.java:171)
	at org.apache.hadoop.fs.TestFsShellCopy.testCopyFileFromLocal(TestFsShellCopy.java:111)
</failure>
    <system-out><![CDATA[COPY src[srcFile] -> [path] as [file:/Volumes/Macintosh Users/Users/sungsoo/github/hadoop-2.4.0/hadoop-common-project/hadoop-common/target/test/data/testShellCopy/testPutFile/target/path]
copy exit:1
]]></system-out>
    <system-err><![CDATA[put: unexpected URISyntaxException
]]></system-err>
  </testcase>
  <testcase name="testCopyDirFromLocal" classname="org.apache.hadoop.fs.TestFsShellCopy" time="0.03">
    <failure type="java.lang.AssertionError:">java.lang.AssertionError: null
	at org.junit.Assert.fail(Assert.java:92)
	at org.junit.Assert.assertTrue(Assert.java:43)
	at org.junit.Assert.assertTrue(Assert.java:54)
	at org.apache.hadoop.fs.TestFsShellCopy.checkPut(TestFsShellCopy.java:258)
	at org.apache.hadoop.fs.TestFsShellCopy.checkPut(TestFsShellCopy.java:171)
	at org.apache.hadoop.fs.TestFsShellCopy.testCopyDirFromLocal(TestFsShellCopy.java:124)
</failure>
    <system-out><![CDATA[COPY src[srcDir] -> [path] as [file:/Volumes/Macintosh Users/Users/sungsoo/github/hadoop-2.4.0/hadoop-common-project/hadoop-common/target/test/data/testShellCopy/testPutDir/target/path]
copy exit:1
]]></system-out>
    <system-err><![CDATA[put: unexpected URISyntaxException
]]></system-err>
  </testcase>
  <testcase name="testCopyFileFromWindowsLocalPath" classname="org.apache.hadoop.fs.TestFsShellCopy" time="0">
    <skipped/>
  </testcase>
  <testcase name="testCopyDirFromWindowsLocalPath" classname="org.apache.hadoop.fs.TestFsShellCopy" time="0">
    <skipped/>
  </testcase>
  <testcase name="testRepresentsDir" classname="org.apache.hadoop.fs.TestFsShellCopy" time="0.013">
    <failure message="expected:&lt;0&gt; but was:&lt;1&gt;" type="java.lang.AssertionError"><![CDATA[java.lang.AssertionError: expected:<0> but was:<1>
	at org.junit.Assert.fail(Assert.java:93)
	at org.junit.Assert.failNotEquals(Assert.java:647)
	at org.junit.Assert.assertEquals(Assert.java:128)
	at org.junit.Assert.assertEquals(Assert.java:472)
	at org.junit.Assert.assertEquals(Assert.java:456)
	at org.apache.hadoop.fs.TestFsShellCopy.testRepresentsDir(TestFsShellCopy.java:275)
]]></failure>
    <system-err><![CDATA[put: unexpected URISyntaxException
]]></system-err>
  </testcase>
  <testcase name="testCopyMerge" classname="org.apache.hadoop.fs.TestFsShellCopy" time="0.216"/>
  <testcase name="testMoveFileFromLocal" classname="org.apache.hadoop.fs.TestFsShellCopy" time="0.023">
    <failure message="expected:&lt;0&gt; but was:&lt;1&gt;" type="java.lang.AssertionError"><![CDATA[java.lang.AssertionError: expected:<0> but was:<1>
	at org.junit.Assert.fail(Assert.java:93)
	at org.junit.Assert.failNotEquals(Assert.java:647)
	at org.junit.Assert.assertEquals(Assert.java:128)
	at org.junit.Assert.assertEquals(Assert.java:472)
	at org.junit.Assert.assertEquals(Assert.java:456)
	at org.apache.hadoop.fs.TestFsShellCopy.testMoveFileFromLocal(TestFsShellCopy.java:413)
]]></failure>
    <system-err><![CDATA[moveFromLocal: unexpected URISyntaxException
]]></system-err>
  </testcase>
  <testcase name="testMoveDirFromLocal" classname="org.apache.hadoop.fs.TestFsShellCopy" time="0.014">
    <failure message="expected:&lt;0&gt; but was:&lt;1&gt;" type="java.lang.AssertionError"><![CDATA[java.lang.AssertionError: expected:<0> but was:<1>
	at org.junit.Assert.fail(Assert.java:93)
	at org.junit.Assert.failNotEquals(Assert.java:647)
	at org.junit.Assert.assertEquals(Assert.java:128)
	at org.junit.Assert.assertEquals(Assert.java:472)
	at org.junit.Assert.assertEquals(Assert.java:456)
	at org.apache.hadoop.fs.TestFsShellCopy.testMoveDirFromLocal(TestFsShellCopy.java:431)
]]></failure>
    <system-err><![CDATA[moveFromLocal: unexpected URISyntaxException
]]></system-err>
  </testcase>
  <testcase name="testMoveDirFromLocalDestExists" classname="org.apache.hadoop.fs.TestFsShellCopy" time="0.015">
    <failure message="expected:&lt;0&gt; but was:&lt;1&gt;" type="java.lang.AssertionError"><![CDATA[java.lang.AssertionError: expected:<0> but was:<1>
	at org.junit.Assert.fail(Assert.java:93)
	at org.junit.Assert.failNotEquals(Assert.java:647)
	at org.junit.Assert.assertEquals(Assert.java:128)
	at org.junit.Assert.assertEquals(Assert.java:472)
	at org.junit.Assert.assertEquals(Assert.java:456)
	at org.apache.hadoop.fs.TestFsShellCopy.testMoveDirFromLocalDestExists(TestFsShellCopy.java:449)
]]></failure>
    <system-err><![CDATA[moveFromLocal: unexpected URISyntaxException
]]></system-err>
  </testcase>
  <testcase name="testMoveFromWindowsLocalPath" classname="org.apache.hadoop.fs.TestFsShellCopy" time="0">
    <skipped/>
  </testcase>
  <testcase name="testGetWindowsLocalPath" classname="org.apache.hadoop.fs.TestFsShellCopy" time="0">
    <skipped/>
  </testcase>
</testsuite>