<?xml version="1.0" encoding="UTF-8"?>
<testsuite name="org.apache.hadoop.fs.TestFSMainOperationsLocalFileSystem" time="1.558" tests="49" errors="0" skipped="0" failures="0">
  <properties>
[...]
</properties>
  <testcase name="testWDAbsolute" classname="org.apache.hadoop.fs.TestFSMainOperationsLocalFileSystem" time="0.321"/>
  <testcase name="testFsStatus" classname="org.apache.hadoop.fs.TestFSMainOperationsLocalFileSystem" time="0.029"/>
  <testcase name="testWorkingDirectory" classname="org.apache.hadoop.fs.TestFSMainOperationsLocalFileSystem" time="0.066"/>
  <testcase name="testMkdirs" classname="org.apache.hadoop.fs.TestFSMainOperationsLocalFileSystem" time="0.025"/>
  <testcase name="testMkdirsFailsForSubdirectoryOfExistingFile" classname="org.apache.hadoop.fs.TestFSMainOperationsLocalFileSystem" time="0.045"/>
  <testcase name="testGetFileStatusThrowsExceptionForNonExistentFile" classname="org.apache.hadoop.fs.TestFSMainOperationsLocalFileSystem" time="0.017"/>
  <testcase name="testListStatusThrowsExceptionForNonExistentFile" classname="org.apache.hadoop.fs.TestFSMainOperationsLocalFileSystem" time="0.014"/>
  <testcase name="testListStatusThrowsExceptionForUnreadableDir" classname="org.apache.hadoop.fs.TestFSMainOperationsLocalFileSystem" time="0.031"/>
  <testcase name="testListStatus" classname="org.apache.hadoop.fs.TestFSMainOperationsLocalFileSystem" time="0.021"/>
  <testcase name="testListStatusFilterWithNoMatches" classname="org.apache.hadoop.fs.TestFSMainOperationsLocalFileSystem" time="0.021"/>
  <testcase name="testListStatusFilterWithSomeMatches" classname="org.apache.hadoop.fs.TestFSMainOperationsLocalFileSystem" time="0.018"/>
  <testcase name="testGlobStatusNonExistentFile" classname="org.apache.hadoop.fs.TestFSMainOperationsLocalFileSystem" time="0.024"/>
  <testcase name="testGlobStatusWithNoMatchesInPath" classname="org.apache.hadoop.fs.TestFSMainOperationsLocalFileSystem" time="0.021"/>
  <testcase name="testGlobStatusSomeMatchesInDirectories" classname="org.apache.hadoop.fs.TestFSMainOperationsLocalFileSystem" time="0.027"/>
  <testcase name="testGlobStatusWithMultipleWildCardMatches" classname="org.apache.hadoop.fs.TestFSMainOperationsLocalFileSystem" time="0.02"/>
  <testcase name="testGlobStatusWithMultipleMatchesOfSingleChar" classname="org.apache.hadoop.fs.TestFSMainOperationsLocalFileSystem" time="0.021"/>
  <testcase name="testGlobStatusFilterWithEmptyPathResults" classname="org.apache.hadoop.fs.TestFSMainOperationsLocalFileSystem" time="0.018"/>
  <testcase name="testGlobStatusFilterWithSomePathMatchesAndTrivialFilter" classname="org.apache.hadoop.fs.TestFSMainOperationsLocalFileSystem" time="0.019"/>
  <testcase name="testGlobStatusFilterWithMultipleWildCardMatchesAndTrivialFilter" classname="org.apache.hadoop.fs.TestFSMainOperationsLocalFileSystem" time="0.02"/>
  <testcase name="testGlobStatusFilterWithMultiplePathMatchesAndNonTrivialFilter" classname="org.apache.hadoop.fs.TestFSMainOperationsLocalFileSystem" time="0.019"/>
  <testcase name="testGlobStatusFilterWithNoMatchingPathsAndNonTrivialFilter" classname="org.apache.hadoop.fs.TestFSMainOperationsLocalFileSystem" time="0.016"/>
  <testcase name="testGlobStatusFilterWithMultiplePathWildcardsAndNonTrivialFilter" classname="org.apache.hadoop.fs.TestFSMainOperationsLocalFileSystem" time="0.017"/>
  <testcase name="testWriteReadAndDeleteEmptyFile" classname="org.apache.hadoop.fs.TestFSMainOperationsLocalFileSystem" time="0.022"/>
  <testcase name="testWriteReadAndDeleteHalfABlock" classname="org.apache.hadoop.fs.TestFSMainOperationsLocalFileSystem" time="0.024"/>
  <testcase name="testWriteReadAndDeleteOneBlock" classname="org.apache.hadoop.fs.TestFSMainOperationsLocalFileSystem" time="0.02"/>
  <testcase name="testWriteReadAndDeleteOneAndAHalfBlocks" classname="org.apache.hadoop.fs.TestFSMainOperationsLocalFileSystem" time="0.02"/>
  <testcase name="testWriteReadAndDeleteTwoBlocks" classname="org.apache.hadoop.fs.TestFSMainOperationsLocalFileSystem" time="0.02"/>
  <testcase name="testOverwrite" classname="org.apache.hadoop.fs.TestFSMainOperationsLocalFileSystem" time="0.03"/>
  <testcase name="testWriteInNonExistentDirectory" classname="org.apache.hadoop.fs.TestFSMainOperationsLocalFileSystem" time="0.017"/>
  <testcase name="testDeleteNonExistentFile" classname="org.apache.hadoop.fs.TestFSMainOperationsLocalFileSystem" time="0.006"/>
  <testcase name="testDeleteRecursively" classname="org.apache.hadoop.fs.TestFSMainOperationsLocalFileSystem" time="0.017"/>
  <testcase name="testDeleteEmptyDirectory" classname="org.apache.hadoop.fs.TestFSMainOperationsLocalFileSystem" time="0.005"/>
  <testcase name="testRenameNonExistentPath" classname="org.apache.hadoop.fs.TestFSMainOperationsLocalFileSystem" time="0.028"/>
  <testcase name="testRenameFileToNonExistentDirectory" classname="org.apache.hadoop.fs.TestFSMainOperationsLocalFileSystem" time="0.034"/>
  <testcase name="testRenameFileToDestinationWithParentFile" classname="org.apache.hadoop.fs.TestFSMainOperationsLocalFileSystem" time="0.041"/>
  <testcase name="testRenameFileToExistingParent" classname="org.apache.hadoop.fs.TestFSMainOperationsLocalFileSystem" time="0.029"/>
  <testcase name="testRenameFileToItself" classname="org.apache.hadoop.fs.TestFSMainOperationsLocalFileSystem" time="0.037"/>
  <testcase name="testRenameFileAsExistingFile" classname="org.apache.hadoop.fs.TestFSMainOperationsLocalFileSystem" time="0.045"/>
  <testcase name="testRenameFileAsExistingDirectory" classname="org.apache.hadoop.fs.TestFSMainOperationsLocalFileSystem" time="0.034"/>
  <testcase name="testRenameDirectoryToItself" classname="org.apache.hadoop.fs.TestFSMainOperationsLocalFileSystem" time="0.027"/>
  <testcase name="testRenameDirectoryToNonExistentParent" classname="org.apache.hadoop.fs.TestFSMainOperationsLocalFileSystem" time="0.026"/>
  <testcase name="testRenameDirectoryAsNonExistentDirectory" classname="org.apache.hadoop.fs.TestFSMainOperationsLocalFileSystem" time="0.067"/>
  <testcase name="testRenameDirectoryAsEmptyDirectory" classname="org.apache.hadoop.fs.TestFSMainOperationsLocalFileSystem" time="0.046"/>
  <testcase name="testRenameDirectoryAsNonEmptyDirectory" classname="org.apache.hadoop.fs.TestFSMainOperationsLocalFileSystem" time="0.053"/>
  <testcase name="testRenameDirectoryAsFile" classname="org.apache.hadoop.fs.TestFSMainOperationsLocalFileSystem" time="0.034"/>
  <testcase name="testInputStreamClosedTwice" classname="org.apache.hadoop.fs.TestFSMainOperationsLocalFileSystem" time="0.012"/>
  <testcase name="testOutputStreamClosedTwice" classname="org.apache.hadoop.fs.TestFSMainOperationsLocalFileSystem" time="0.013"/>
  <testcase name="testGetWrappedInputStream" classname="org.apache.hadoop.fs.TestFSMainOperationsLocalFileSystem" time="0.013"/>
  <testcase name="testCopyToLocalWithUseRawLocalFileSystemOption" classname="org.apache.hadoop.fs.TestFSMainOperationsLocalFileSystem" time="0.008"/>
</testsuite>