<?xml version="1.0" encoding="UTF-8"?>
<testsuite name="org.apache.hadoop.fs.TestLocalFileSystem" time="0.687" tests="18" errors="1" skipped="1" failures="0">
  <properties>
[...]
</properties>
  <testcase name="testWorkingDirectory" classname="org.apache.hadoop.fs.TestLocalFileSystem" time="0.345"/>
  <testcase name="testSyncable" classname="org.apache.hadoop.fs.TestLocalFileSystem" time="0.003"/>
  <testcase name="testCopy" classname="org.apache.hadoop.fs.TestLocalFileSystem" time="0.066"/>
  <testcase name="testHomeDirectory" classname="org.apache.hadoop.fs.TestLocalFileSystem" time="0.001"/>
  <testcase name="testPathEscapes" classname="org.apache.hadoop.fs.TestLocalFileSystem" time="0.012"/>
  <testcase name="testCreateFileAndMkdirs" classname="org.apache.hadoop.fs.TestLocalFileSystem" time="0.05"/>
  <testcase name="testBasicDelete" classname="org.apache.hadoop.fs.TestLocalFileSystem" time="0.025"/>
  <testcase name="testStatistics" classname="org.apache.hadoop.fs.TestLocalFileSystem" time="0.001"/>
  <testcase name="testHasFileDescriptor" classname="org.apache.hadoop.fs.TestLocalFileSystem" time="0.01"/>
  <testcase name="testListStatusWithColons" classname="org.apache.hadoop.fs.TestLocalFileSystem" time="0.004"/>
  <testcase name="testListStatusReturnConsistentPathOnWindows" classname="org.apache.hadoop.fs.TestLocalFileSystem" time="0">
    <skipped/>
  </testcase>
  <testcase name="testReportChecksumFailure" classname="org.apache.hadoop.fs.TestLocalFileSystem" time="0.023"/>
  <testcase name="testSetTimes" classname="org.apache.hadoop.fs.TestLocalFileSystem" time="0.011"/>
  <testcase name="testBufferedFSInputStream" classname="org.apache.hadoop.fs.TestLocalFileSystem" time="0.048"/>
  <testcase name="testRenameDirectory" classname="org.apache.hadoop.fs.TestLocalFileSystem" time="0.002"/>
  <testcase name="testRenameReplaceExistingEmptyDirectory" classname="org.apache.hadoop.fs.TestLocalFileSystem" time="0.024"/>
  <testcase name="testRenameMoveToExistingNonEmptyDirectory" classname="org.apache.hadoop.fs.TestLocalFileSystem" time="0.031"/>
  <testcase name="testStripFragmentFromPath" classname="org.apache.hadoop.fs.TestLocalFileSystem" time="0.031">
    <error message="Illegal character in path at index 23: file:/Volumes/Macintosh Users/Users/sungsoo/github/hadoop-2.4.0/hadoop-common-project/hadoop-common/target/test/data/work-dir/localfs/test-file#glacier" type="java.net.URISyntaxException"><![CDATA[java.net.URISyntaxException: Illegal character in path at index 23: file:/Volumes/Macintosh Users/Users/sungsoo/github/hadoop-2.4.0/hadoop-common-project/hadoop-common/target/test/data/work-dir/localfs/test-file#glacier
	at java.net.URI$Parser.fail(URI.java:2810)
	at java.net.URI$Parser.checkChars(URI.java:2983)
	at java.net.URI$Parser.parseHierarchical(URI.java:3067)
	at java.net.URI$Parser.parse(URI.java:3015)
	at java.net.URI.<init>(URI.java:577)
	at org.apache.hadoop.fs.TestLocalFileSystem.testStripFragmentFromPath(TestLocalFileSystem.java:551)
]]></error>
  </testcase>
</testsuite>