<?xml version="1.0" encoding="UTF-8"?>
<testsuite name="org.apache.hadoop.fs.TestLocalFSFileContextMainOperations" time="2.835" tests="62" errors="0" skipped="0" failures="0">
  <properties>
[...]
</properties>
  <testcase name="testFileContextNoCache" classname="org.apache.hadoop.fs.TestLocalFSFileContextMainOperations" time="0.345"/>
  <testcase name="testDefaultFilePermission" classname="org.apache.hadoop.fs.TestLocalFSFileContextMainOperations" time="0.065"/>
  <testcase name="testFsStatus" classname="org.apache.hadoop.fs.TestLocalFSFileContextMainOperations" time="0.031"/>
  <testcase name="testWorkingDirectory" classname="org.apache.hadoop.fs.TestLocalFSFileContextMainOperations" time="0.091"/>
  <testcase name="testMkdirs" classname="org.apache.hadoop.fs.TestLocalFSFileContextMainOperations" time="0.044"/>
  <testcase name="testMkdirsFailsForSubdirectoryOfExistingFile" classname="org.apache.hadoop.fs.TestLocalFSFileContextMainOperations" time="0.049"/>
  <testcase name="testGetFileStatusThrowsExceptionForNonExistentFile" classname="org.apache.hadoop.fs.TestLocalFSFileContextMainOperations" time="0.023"/>
  <testcase name="testListStatus" classname="org.apache.hadoop.fs.TestLocalFSFileContextMainOperations" time="0.054"/>
  <testcase name="testListStatusFilterWithNoMatches" classname="org.apache.hadoop.fs.TestLocalFSFileContextMainOperations" time="0.049"/>
  <testcase name="testGlobStatusNonExistentFile" classname="org.apache.hadoop.fs.TestLocalFSFileContextMainOperations" time="0.029"/>
  <testcase name="testGlobStatusWithNoMatchesInPath" classname="org.apache.hadoop.fs.TestLocalFSFileContextMainOperations" time="0.062"/>
  <testcase name="testGlobStatusSomeMatchesInDirectories" classname="org.apache.hadoop.fs.TestLocalFSFileContextMainOperations" time="0.058"/>
  <testcase name="testGlobStatusWithMultipleWildCardMatches" classname="org.apache.hadoop.fs.TestLocalFSFileContextMainOperations" time="0.053"/>
  <testcase name="testGlobStatusWithMultipleMatchesOfSingleChar" classname="org.apache.hadoop.fs.TestLocalFSFileContextMainOperations" time="0.055"/>
  <testcase name="testGlobStatusFilterWithEmptyPathResults" classname="org.apache.hadoop.fs.TestLocalFSFileContextMainOperations" time="0.057"/>
  <testcase name="testGlobStatusFilterWithSomePathMatchesAndTrivialFilter" classname="org.apache.hadoop.fs.TestLocalFSFileContextMainOperations" time="0.056"/>
  <testcase name="testGlobStatusFilterWithMultipleWildCardMatchesAndTrivialFilter" classname="org.apache.hadoop.fs.TestLocalFSFileContextMainOperations" time="0.055"/>
  <testcase name="testGlobStatusFilterWithMultiplePathMatchesAndNonTrivialFilter" classname="org.apache.hadoop.fs.TestLocalFSFileContextMainOperations" time="0.05"/>
  <testcase name="testGlobStatusFilterWithNoMatchingPathsAndNonTrivialFilter" classname="org.apache.hadoop.fs.TestLocalFSFileContextMainOperations" time="0.04"/>
  <testcase name="testGlobStatusFilterWithMultiplePathWildcardsAndNonTrivialFilter" classname="org.apache.hadoop.fs.TestLocalFSFileContextMainOperations" time="0.042"/>
  <testcase name="testWriteReadAndDeleteEmptyFile" classname="org.apache.hadoop.fs.TestLocalFSFileContextMainOperations" time="0.034"/>
  <testcase name="testWriteReadAndDeleteHalfABlock" classname="org.apache.hadoop.fs.TestLocalFSFileContextMainOperations" time="0.046"/>
  <testcase name="testWriteReadAndDeleteOneBlock" classname="org.apache.hadoop.fs.TestLocalFSFileContextMainOperations" time="0.045"/>
  <testcase name="testWriteReadAndDeleteOneAndAHalfBlocks" classname="org.apache.hadoop.fs.TestLocalFSFileContextMainOperations" time="0.045"/>
  <testcase name="testWriteReadAndDeleteTwoBlocks" classname="org.apache.hadoop.fs.TestLocalFSFileContextMainOperations" time="0.038"/>
  <testcase name="testNullCreateFlag" classname="org.apache.hadoop.fs.TestLocalFSFileContextMainOperations" time="0.013"/>
  <testcase name="testEmptyCreateFlag" classname="org.apache.hadoop.fs.TestLocalFSFileContextMainOperations" time="0.011"/>
  <testcase name="testCreateFlagCreateExistingFile" classname="org.apache.hadoop.fs.TestLocalFSFileContextMainOperations" time="0.031"/>
  <testcase name="testCreateFlagOverwriteNonExistingFile" classname="org.apache.hadoop.fs.TestLocalFSFileContextMainOperations" time="0.013"/>
  <testcase name="testCreateFlagOverwriteExistingFile" classname="org.apache.hadoop.fs.TestLocalFSFileContextMainOperations" time="0.038"/>
  <testcase name="testCreateFlagAppendNonExistingFile" classname="org.apache.hadoop.fs.TestLocalFSFileContextMainOperations" time="0.011"/>
  <testcase name="testCreateFlagAppendExistingFile" classname="org.apache.hadoop.fs.TestLocalFSFileContextMainOperations" time="0.041"/>
  <testcase name="testCreateFlagCreateAppendNonExistingFile" classname="org.apache.hadoop.fs.TestLocalFSFileContextMainOperations" time="0.047"/>
  <testcase name="testCreateFlagCreateAppendExistingFile" classname="org.apache.hadoop.fs.TestLocalFSFileContextMainOperations" time="0.03"/>
  <testcase name="testCreateFlagAppendOverwrite" classname="org.apache.hadoop.fs.TestLocalFSFileContextMainOperations" time="0.013"/>
  <testcase name="testCreateFlagAppendCreateOverwrite" classname="org.apache.hadoop.fs.TestLocalFSFileContextMainOperations" time="0.012"/>
  <testcase name="testWriteInNonExistentDirectory" classname="org.apache.hadoop.fs.TestLocalFSFileContextMainOperations" time="0.03"/>
  <testcase name="testDeleteNonExistentFile" classname="org.apache.hadoop.fs.TestLocalFSFileContextMainOperations" time="0.012"/>
  <testcase name="testDeleteRecursively" classname="org.apache.hadoop.fs.TestLocalFSFileContextMainOperations" time="0.031"/>
  <testcase name="testDeleteEmptyDirectory" classname="org.apache.hadoop.fs.TestLocalFSFileContextMainOperations" time="0.019"/>
  <testcase name="testRenameNonExistentPath" classname="org.apache.hadoop.fs.TestLocalFSFileContextMainOperations" time="0.021"/>
  <testcase name="testRenameFileToNonExistentDirectory" classname="org.apache.hadoop.fs.TestLocalFSFileContextMainOperations" time="0.044"/>
  <testcase name="testRenameFileToDestinationWithParentFile" classname="org.apache.hadoop.fs.TestLocalFSFileContextMainOperations" time="0.056"/>
  <testcase name="testRenameFileToExistingParent" classname="org.apache.hadoop.fs.TestLocalFSFileContextMainOperations" time="0.048"/>
  <testcase name="testRenameFileToItself" classname="org.apache.hadoop.fs.TestLocalFSFileContextMainOperations" time="0.044"/>
  <testcase name="testRenameFileAsExistingFile" classname="org.apache.hadoop.fs.TestLocalFSFileContextMainOperations" time="0.064"/>
  <testcase name="testRenameFileAsExistingDirectory" classname="org.apache.hadoop.fs.TestLocalFSFileContextMainOperations" time="0.049"/>
  <testcase name="testRenameDirectoryToItself" classname="org.apache.hadoop.fs.TestLocalFSFileContextMainOperations" time="0.035"/>
  <testcase name="testRenameDirectoryToNonExistentParent" classname="org.apache.hadoop.fs.TestLocalFSFileContextMainOperations" time="0.038"/>
  <testcase name="testRenameDirectoryAsNonExistentDirectory" classname="org.apache.hadoop.fs.TestLocalFSFileContextMainOperations" time="0.132"/>
  <testcase name="testRenameDirectoryAsEmptyDirectory" classname="org.apache.hadoop.fs.TestLocalFSFileContextMainOperations" time="0.079"/>
  <testcase name="testRenameDirectoryAsNonEmptyDirectory" classname="org.apache.hadoop.fs.TestLocalFSFileContextMainOperations" time="0.079"/>
  <testcase name="testRenameDirectoryAsFile" classname="org.apache.hadoop.fs.TestLocalFSFileContextMainOperations" time="0.047"/>
  <testcase name="testInputStreamClosedTwice" classname="org.apache.hadoop.fs.TestLocalFSFileContextMainOperations" time="0.022"/>
  <testcase name="testOutputStreamClosedTwice" classname="org.apache.hadoop.fs.TestLocalFSFileContextMainOperations" time="0.023"/>
  <testcase name="testUnsupportedSymlink" classname="org.apache.hadoop.fs.TestLocalFSFileContextMainOperations" time="0.01"/>
  <testcase name="testOpen2" classname="org.apache.hadoop.fs.TestLocalFSFileContextMainOperations" time="0.044"/>
  <testcase name="testSetVerifyChecksum" classname="org.apache.hadoop.fs.TestLocalFSFileContextMainOperations" time="0.026"/>
  <testcase name="testListCorruptFileBlocks" classname="org.apache.hadoop.fs.TestLocalFSFileContextMainOperations" time="0.03"/>
  <testcase name="testDeleteOnExitUnexisting" classname="org.apache.hadoop.fs.TestLocalFSFileContextMainOperations" time="0.012"/>
  <testcase name="testFileContextStatistics" classname="org.apache.hadoop.fs.TestLocalFSFileContextMainOperations" time="0.037"/>
  <testcase name="testGetFileContext1" classname="org.apache.hadoop.fs.TestLocalFSFileContextMainOperations" time="0.027"/>
</testsuite>