<?xml version="1.0" encoding="UTF-8"?>
<testsuite name="org.apache.hadoop.fs.TestSymlinkLocalFSFileContext" time="6.028" tests="61" errors="0" skipped="3" failures="0">
  <properties>
[...]
</properties>
  <testcase name="testDanglingLinkFilePartQual" classname="org.apache.hadoop.fs.TestSymlinkLocalFSFileContext" time="0.057"/>
  <testcase name="testDanglingLink" classname="org.apache.hadoop.fs.TestSymlinkLocalFSFileContext" time="0.143"/>
  <testcase name="testGetLinkStatusPartQualTarget" classname="org.apache.hadoop.fs.TestSymlinkLocalFSFileContext" time="0.145"/>
  <testcase name="testRenameFileWithDestParentSymlink" classname="org.apache.hadoop.fs.TestSymlinkLocalFSFileContext" time="0.236"/>
  <testcase name="testCreateDanglingLink" classname="org.apache.hadoop.fs.TestSymlinkLocalFSFileContext" time="0.042"/>
  <testcase name="testCreateFileViaDanglingLinkParent" classname="org.apache.hadoop.fs.TestSymlinkLocalFSFileContext" time="0.042"/>
  <testcase name="testOpenResolvesLinks" classname="org.apache.hadoop.fs.TestSymlinkLocalFSFileContext" time="0.042"/>
  <testcase name="testRecursiveLinks" classname="org.apache.hadoop.fs.TestSymlinkLocalFSFileContext" time="0.051"/>
  <testcase name="testRenameDirToDanglingSymlink" classname="org.apache.hadoop.fs.TestSymlinkLocalFSFileContext" time="0.069"/>
  <testcase name="testStatDanglingLink" classname="org.apache.hadoop.fs.TestSymlinkLocalFSFileContext" time="0.058"/>
  <testcase name="testCreateLinkToDot" classname="org.apache.hadoop.fs.TestSymlinkLocalFSFileContext" time="0.068"/>
  <testcase name="testStatRoot" classname="org.apache.hadoop.fs.TestSymlinkLocalFSFileContext" time="0.034"/>
  <testcase name="testSetWDNotResolvesLinks" classname="org.apache.hadoop.fs.TestSymlinkLocalFSFileContext" time="0.038"/>
  <testcase name="testCreateLinkToNullEmpty" classname="org.apache.hadoop.fs.TestSymlinkLocalFSFileContext" time="0.027"/>
  <testcase name="testCreateLinkCanCreateParent" classname="org.apache.hadoop.fs.TestSymlinkLocalFSFileContext" time="0.095"/>
  <testcase name="testMkdirExistingLink" classname="org.apache.hadoop.fs.TestSymlinkLocalFSFileContext" time="0.077"/>
  <testcase name="testDeleteLink" classname="org.apache.hadoop.fs.TestSymlinkLocalFSFileContext" time="0.096"/>
  <testcase name="testStatLinkToFile" classname="org.apache.hadoop.fs.TestSymlinkLocalFSFileContext" time="0.117"/>
  <testcase name="testStatRelLinkToFile" classname="org.apache.hadoop.fs.TestSymlinkLocalFSFileContext" time="0">
    <skipped/>
  </testcase>
  <testcase name="testStatLinkToDir" classname="org.apache.hadoop.fs.TestSymlinkLocalFSFileContext" time="0.096"/>
  <testcase name="testStatNonExistentFiles" classname="org.apache.hadoop.fs.TestSymlinkLocalFSFileContext" time="0.043"/>
  <testcase name="testStatNonLinks" classname="org.apache.hadoop.fs.TestSymlinkLocalFSFileContext" time="0.078"/>
  <testcase name="testCreateLinkUsingRelPaths" classname="org.apache.hadoop.fs.TestSymlinkLocalFSFileContext" time="0.269"/>
  <testcase name="testCreateLinkUsingAbsPaths" classname="org.apache.hadoop.fs.TestSymlinkLocalFSFileContext" time="0.236"/>
  <testcase name="testCreateLinkUsingFullyQualPaths" classname="org.apache.hadoop.fs.TestSymlinkLocalFSFileContext" time="0.238"/>
  <testcase name="testCreateLinkUsingPartQualPath1" classname="org.apache.hadoop.fs.TestSymlinkLocalFSFileContext" time="0">
    <skipped/>
  </testcase>
  <testcase name="testCreateLinkUsingPartQualPath2" classname="org.apache.hadoop.fs.TestSymlinkLocalFSFileContext" time="0.026"/>
  <testcase name="testLinkStatusAndTargetWithNonLink" classname="org.apache.hadoop.fs.TestSymlinkLocalFSFileContext" time="0.099"/>
  <testcase name="testCreateLinkToDirectory" classname="org.apache.hadoop.fs.TestSymlinkLocalFSFileContext" time="0.104"/>
  <testcase name="testCreateFileViaSymlink" classname="org.apache.hadoop.fs.TestSymlinkLocalFSFileContext" time="0.12"/>
  <testcase name="testCreateDirViaSymlink" classname="org.apache.hadoop.fs.TestSymlinkLocalFSFileContext" time="0.066"/>
  <testcase name="testCreateLinkViaLink" classname="org.apache.hadoop.fs.TestSymlinkLocalFSFileContext" time="0.14"/>
  <testcase name="testListStatusUsingLink" classname="org.apache.hadoop.fs.TestSymlinkLocalFSFileContext" time="0.107"/>
  <testcase name="testCreateLinkTwice" classname="org.apache.hadoop.fs.TestSymlinkLocalFSFileContext" time="0.075"/>
  <testcase name="testCreateLinkToLink" classname="org.apache.hadoop.fs.TestSymlinkLocalFSFileContext" time="0.1"/>
  <testcase name="testCreateFileDirExistingLink" classname="org.apache.hadoop.fs.TestSymlinkLocalFSFileContext" time="0.078"/>
  <testcase name="testUseLinkAferDeleteLink" classname="org.apache.hadoop.fs.TestSymlinkLocalFSFileContext" time="0.1"/>
  <testcase name="testCreateLinkToDotDot" classname="org.apache.hadoop.fs.TestSymlinkLocalFSFileContext" time="0.08"/>
  <testcase name="testCreateLinkToDotDotPrefix" classname="org.apache.hadoop.fs.TestSymlinkLocalFSFileContext" time="0.114"/>
  <testcase name="testRenameFileViaSymlink" classname="org.apache.hadoop.fs.TestSymlinkLocalFSFileContext" time="0.127"/>
  <testcase name="testRenameFileToDestViaSymlink" classname="org.apache.hadoop.fs.TestSymlinkLocalFSFileContext" time="0.106"/>
  <testcase name="testRenameDirViaSymlink" classname="org.apache.hadoop.fs.TestSymlinkLocalFSFileContext" time="0.101"/>
  <testcase name="testRenameSymlinkViaSymlink" classname="org.apache.hadoop.fs.TestSymlinkLocalFSFileContext" time="0.142"/>
  <testcase name="testRenameDirToSymlinkToDir" classname="org.apache.hadoop.fs.TestSymlinkLocalFSFileContext" time="0.08"/>
  <testcase name="testRenameDirToSymlinkToFile" classname="org.apache.hadoop.fs.TestSymlinkLocalFSFileContext" time="0.097"/>
  <testcase name="testRenameFileToSymlinkToDir" classname="org.apache.hadoop.fs.TestSymlinkLocalFSFileContext" time="0.156"/>
  <testcase name="testRenameFileToSymlinkToFile" classname="org.apache.hadoop.fs.TestSymlinkLocalFSFileContext" time="0.182"/>
  <testcase name="testRenameFileToDanglingSymlink" classname="org.apache.hadoop.fs.TestSymlinkLocalFSFileContext" time="0.027"/>
  <testcase name="testRenameSymlinkNonExistantDest" classname="org.apache.hadoop.fs.TestSymlinkLocalFSFileContext" time="0.138"/>
  <testcase name="testRenameSymlinkToExistingFile" classname="org.apache.hadoop.fs.TestSymlinkLocalFSFileContext" time="0.187"/>
  <testcase name="testRenameSymlinkToExistingDir" classname="org.apache.hadoop.fs.TestSymlinkLocalFSFileContext" time="0.098"/>
  <testcase name="testRenameSymlinkToItself" classname="org.apache.hadoop.fs.TestSymlinkLocalFSFileContext" time="0.115"/>
  <testcase name="testRenameSymlink" classname="org.apache.hadoop.fs.TestSymlinkLocalFSFileContext" time="0.146"/>
  <testcase name="testRenameSymlinkToFileItLinksTo" classname="org.apache.hadoop.fs.TestSymlinkLocalFSFileContext" time="0.025"/>
  <testcase name="testRenameSymlinkToDirItLinksTo" classname="org.apache.hadoop.fs.TestSymlinkLocalFSFileContext" time="0.025"/>
  <testcase name="testRenameLinkTarget" classname="org.apache.hadoop.fs.TestSymlinkLocalFSFileContext" time="0.146"/>
  <testcase name="testAccessFileViaInterSymlinkAbsTarget" classname="org.apache.hadoop.fs.TestSymlinkLocalFSFileContext" time="0.282"/>
  <testcase name="testAccessFileViaInterSymlinkQualTarget" classname="org.apache.hadoop.fs.TestSymlinkLocalFSFileContext" time="0.1"/>
  <testcase name="testAccessFileViaInterSymlinkRelTarget" classname="org.apache.hadoop.fs.TestSymlinkLocalFSFileContext" time="0">
    <skipped/>
  </testcase>
  <testcase name="testAccessDirViaSymlink" classname="org.apache.hadoop.fs.TestSymlinkLocalFSFileContext" time="0.06"/>
  <testcase name="testSetTimes" classname="org.apache.hadoop.fs.TestSymlinkLocalFSFileContext" time="0.082"/>
</testsuite>