<?xml version="1.0" encoding="UTF-8"?>
<testsuite name="org.apache.hadoop.fs.TestTrash" time="0.458" tests="4" errors="1" skipped="0" failures="2">
  <properties>
[...]
</properties>
  <testcase name="testTrash" classname="org.apache.hadoop.fs.TestTrash" time="0.38">
    <failure type="junit.framework.AssertionFailedError:">junit.framework.AssertionFailedError: null
	at junit.framework.Assert.fail(Assert.java:48)
	at junit.framework.Assert.assertTrue(Assert.java:20)
	at junit.framework.Assert.assertTrue(Assert.java:27)
	at org.apache.hadoop.fs.TestTrash.mkdir(TestTrash.java:49)
	at org.apache.hadoop.fs.TestTrash.trashShell(TestTrash.java:133)
	at org.apache.hadoop.fs.TestTrash.trashShell(TestTrash.java:100)
	at org.apache.hadoop.fs.TestTrash.testTrash(TestTrash.java:500)
</failure>
    <system-out><![CDATA[2014-04-20 10:24:07,330 WARN  util.NativeCodeLoader (NativeCodeLoader.java:<clinit>(62)) - Unable to load native-hadoop library for your platform... using builtin-java classes where applicable
2014-04-20 10:24:07,416 INFO  fs.TrashPolicyDefault (TrashPolicyDefault.java:initialize(92)) - Namenode trash configuration: Deletion interval = 0 minutes, Emptier interval = 0 minutes.
2014-04-20 10:24:07,417 INFO  fs.TrashPolicyDefault (TrashPolicyDefault.java:initialize(92)) - Namenode trash configuration: Deletion interval = 10 minutes, Emptier interval = 0 minutes.
2014-04-20 10:24:07,420 INFO  fs.TrashPolicyDefault (TrashPolicyDefault.java:initialize(92)) - Namenode trash configuration: Deletion interval = 10 minutes, Emptier interval = 0 minutes.
]]></system-out>
  </testcase>
  <testcase name="testNonDefaultFS" classname="org.apache.hadoop.fs.TestTrash" time="0.025">
    <error message="Mkdirs failed to create file:/Volumes/Macintosh%20Users/Users/sungsoo/github/hadoop-2.4.0/hadoop-common-project/hadoop-common/target/test/data/testTrash/foo" type="java.io.IOException">java.io.IOException: Mkdirs failed to create file:/Volumes/Macintosh%20Users/Users/sungsoo/github/hadoop-2.4.0/hadoop-common-project/hadoop-common/target/test/data/testTrash/foo
	at org.apache.hadoop.fs.ChecksumFileSystem.create(ChecksumFileSystem.java:438)
	at org.apache.hadoop.fs.ChecksumFileSystem.create(ChecksumFileSystem.java:424)
	at org.apache.hadoop.fs.FileSystem.create(FileSystem.java:906)
	at org.apache.hadoop.fs.FileSystem.create(FileSystem.java:887)
	at org.apache.hadoop.fs.FileSystem.create(FileSystem.java:784)
	at org.apache.hadoop.fs.FileSystem.create(FileSystem.java:773)
	at org.apache.hadoop.fs.FileSystemTestHelper.writeFile(FileSystemTestHelper.java:183)
	at org.apache.hadoop.fs.TestTrash.trashNonDefaultFS(TestTrash.java:483)
	at org.apache.hadoop.fs.TestTrash.testNonDefaultFS(TestTrash.java:507)
</error>
  </testcase>
  <testcase name="testPluggableTrash" classname="org.apache.hadoop.fs.TestTrash" time="0.018"/>
  <testcase name="testTrashEmptier" classname="org.apache.hadoop.fs.TestTrash" time="0.035">
    <failure type="junit.framework.AssertionFailedError:">junit.framework.AssertionFailedError: null
	at junit.framework.Assert.fail(Assert.java:48)
	at junit.framework.Assert.assertTrue(Assert.java:20)
	at junit.framework.Assert.assertTrue(Assert.java:27)
	at org.apache.hadoop.fs.TestTrash.mkdir(TestTrash.java:49)
	at org.apache.hadoop.fs.TestTrash.testTrashEmptier(TestTrash.java:540)
</failure>
    <system-out><![CDATA[2014-04-20 10:24:07,484 INFO  Configuration.deprecation (Configuration.java:warnOnceIfDeprecated(1009)) - fs.default.name is deprecated. Instead, use fs.defaultFS
2014-04-20 10:24:07,484 INFO  fs.TrashPolicyDefault (TrashPolicyDefault.java:initialize(92)) - Namenode trash configuration: Deletion interval = 0 minutes, Emptier interval = 0 minutes.
]]></system-out>
  </testcase>
</testsuite>