<?xml version="1.0" encoding="UTF-8"?>
<testsuite name="org.apache.hadoop.fs.TestLocalDirAllocator" time="0.388" tests="30" errors="8" skipped="0" failures="2">
  <properties>
[...]
</properties>
  <testcase name="test0[0]" classname="org.apache.hadoop.fs.TestLocalDirAllocator" time="0.053"/>
  <testcase name="testROBufferDirAndRWBufferDir[0]" classname="org.apache.hadoop.fs.TestLocalDirAllocator" time="0.013"/>
  <testcase name="testDirsNotExist[0]" classname="org.apache.hadoop.fs.TestLocalDirAllocator" time="0.007"/>
  <testcase name="testRWBufferDirBecomesRO[0]" classname="org.apache.hadoop.fs.TestLocalDirAllocator" time="0.009"/>
  <testcase name="testCreateManyFiles[0]" classname="org.apache.hadoop.fs.TestLocalDirAllocator" time="0.036"/>
  <testcase name="testLocalPathForWriteDirCreation[0]" classname="org.apache.hadoop.fs.TestLocalDirAllocator" time="0.01"/>
  <testcase name="testNoSideEffects[0]" classname="org.apache.hadoop.fs.TestLocalDirAllocator" time="0.01"/>
  <testcase name="testGetLocalPathToRead[0]" classname="org.apache.hadoop.fs.TestLocalDirAllocator" time="0.009"/>
  <testcase name="testGetAllLocalPathsToRead[0]" classname="org.apache.hadoop.fs.TestLocalDirAllocator" time="0.035"/>
  <testcase name="testRemoveContext[0]" classname="org.apache.hadoop.fs.TestLocalDirAllocator" time="0.002"/>
  <testcase name="test0[1]" classname="org.apache.hadoop.fs.TestLocalDirAllocator" time="0.011"/>
  <testcase name="testROBufferDirAndRWBufferDir[1]" classname="org.apache.hadoop.fs.TestLocalDirAllocator" time="0.011"/>
  <testcase name="testDirsNotExist[1]" classname="org.apache.hadoop.fs.TestLocalDirAllocator" time="0.005"/>
  <testcase name="testRWBufferDirBecomesRO[1]" classname="org.apache.hadoop.fs.TestLocalDirAllocator" time="0.007"/>
  <testcase name="testCreateManyFiles[1]" classname="org.apache.hadoop.fs.TestLocalDirAllocator" time="0.056"/>
  <testcase name="testLocalPathForWriteDirCreation[1]" classname="org.apache.hadoop.fs.TestLocalDirAllocator" time="0.011"/>
  <testcase name="testNoSideEffects[1]" classname="org.apache.hadoop.fs.TestLocalDirAllocator" time="0.008"/>
  <testcase name="testGetLocalPathToRead[1]" classname="org.apache.hadoop.fs.TestLocalDirAllocator" time="0.008"/>
  <testcase name="testGetAllLocalPathsToRead[1]" classname="org.apache.hadoop.fs.TestLocalDirAllocator" time="0.029"/>
  <testcase name="testRemoveContext[1]" classname="org.apache.hadoop.fs.TestLocalDirAllocator" time="0.002"/>
  <testcase name="test0[2]" classname="org.apache.hadoop.fs.TestLocalDirAllocator" time="0.012">
    <error message="chmod: build/test/temp: No such file or directory&#10;" type="org.apache.hadoop.util.Shell$ExitCodeException">org.apache.hadoop.util.Shell$ExitCodeException: chmod: build/test/temp: No such file or directory

	at org.apache.hadoop.util.Shell.runCommand(Shell.java:505)
	at org.apache.hadoop.util.Shell.run(Shell.java:418)
	at org.apache.hadoop.util.Shell$ShellCommandExecutor.execute(Shell.java:650)
	at org.apache.hadoop.util.Shell.execCommand(Shell.java:739)
	at org.apache.hadoop.util.Shell.execCommand(Shell.java:722)
	at org.apache.hadoop.fs.TestLocalDirAllocator.test0(TestLocalDirAllocator.java:144)
</error>
  </testcase>
  <testcase name="testROBufferDirAndRWBufferDir[2]" classname="org.apache.hadoop.fs.TestLocalDirAllocator" time="0.007">
    <error message="chmod: build/test/temp: No such file or directory&#10;" type="org.apache.hadoop.util.Shell$ExitCodeException">org.apache.hadoop.util.Shell$ExitCodeException: chmod: build/test/temp: No such file or directory

	at org.apache.hadoop.util.Shell.runCommand(Shell.java:505)
	at org.apache.hadoop.util.Shell.run(Shell.java:418)
	at org.apache.hadoop.util.Shell$ShellCommandExecutor.execute(Shell.java:650)
	at org.apache.hadoop.util.Shell.execCommand(Shell.java:739)
	at org.apache.hadoop.util.Shell.execCommand(Shell.java:722)
	at org.apache.hadoop.fs.TestLocalDirAllocator.testROBufferDirAndRWBufferDir(TestLocalDirAllocator.java:166)
</error>
  </testcase>
  <testcase name="testDirsNotExist[2]" classname="org.apache.hadoop.fs.TestLocalDirAllocator" time="0.002">
    <error message="n must be positive" type="java.lang.IllegalArgumentException">java.lang.IllegalArgumentException: n must be positive
	at java.util.Random.nextInt(Random.java:250)
	at org.apache.hadoop.fs.LocalDirAllocator$AllocatorPerContext.confChanged(LocalDirAllocator.java:305)
	at org.apache.hadoop.fs.LocalDirAllocator$AllocatorPerContext.getLocalPathForWrite(LocalDirAllocator.java:344)
	at org.apache.hadoop.fs.LocalDirAllocator$AllocatorPerContext.createTmpFileForWrite(LocalDirAllocator.java:416)
	at org.apache.hadoop.fs.LocalDirAllocator.createTmpFileForWrite(LocalDirAllocator.java:198)
	at org.apache.hadoop.fs.TestLocalDirAllocator.createTempFile(TestLocalDirAllocator.java:119)
	at org.apache.hadoop.fs.TestLocalDirAllocator.testDirsNotExist(TestLocalDirAllocator.java:183)
</error>
    <system-out><![CDATA[2014-04-20 10:23:44,467 WARN  fs.LocalDirAllocator$AllocatorPerContext (LocalDirAllocator.java:confChanged(293)) - Failed to create file:/Volumes/Macintosh%20Users/Users/sungsoo/github/hadoop-2.4.0/hadoop-common-project/hadoop-common/build/test/temp/QUALIFIED2
2014-04-20 10:23:44,468 WARN  fs.LocalDirAllocator$AllocatorPerContext (LocalDirAllocator.java:confChanged(293)) - Failed to create file:/Volumes/Macintosh%20Users/Users/sungsoo/github/hadoop-2.4.0/hadoop-common-project/hadoop-common/build/test/temp/QUALIFIED3
]]></system-out>
  </testcase>
  <testcase name="testRWBufferDirBecomesRO[2]" classname="org.apache.hadoop.fs.TestLocalDirAllocator" time="0.002">
    <failure type="java.lang.AssertionError:">java.lang.AssertionError: null
	at org.junit.Assert.fail(Assert.java:92)
	at org.junit.Assert.assertTrue(Assert.java:43)
	at org.junit.Assert.assertTrue(Assert.java:54)
	at org.apache.hadoop.fs.TestLocalDirAllocator.testRWBufferDirBecomesRO(TestLocalDirAllocator.java:207)
</failure>
  </testcase>
  <testcase name="testCreateManyFiles[2]" classname="org.apache.hadoop.fs.TestLocalDirAllocator" time="0.001">
    <failure type="java.lang.AssertionError:">java.lang.AssertionError: null
	at org.junit.Assert.fail(Assert.java:92)
	at org.junit.Assert.assertTrue(Assert.java:43)
	at org.junit.Assert.assertTrue(Assert.java:54)
	at org.apache.hadoop.fs.TestLocalDirAllocator.testCreateManyFiles(TestLocalDirAllocator.java:246)
</failure>
  </testcase>
  <testcase name="testLocalPathForWriteDirCreation[2]" classname="org.apache.hadoop.fs.TestLocalDirAllocator" time="0.008">
    <error message="chmod: build/test/temp: No such file or directory&#10;" type="org.apache.hadoop.util.Shell$ExitCodeException">org.apache.hadoop.util.Shell$ExitCodeException: chmod: build/test/temp: No such file or directory

	at org.apache.hadoop.util.Shell.runCommand(Shell.java:505)
	at org.apache.hadoop.util.Shell.run(Shell.java:418)
	at org.apache.hadoop.util.Shell$ShellCommandExecutor.execute(Shell.java:650)
	at org.apache.hadoop.util.Shell.execCommand(Shell.java:739)
	at org.apache.hadoop.util.Shell.execCommand(Shell.java:722)
	at org.apache.hadoop.fs.TestLocalDirAllocator.testLocalPathForWriteDirCreation(TestLocalDirAllocator.java:296)
</error>
  </testcase>
  <testcase name="testNoSideEffects[2]" classname="org.apache.hadoop.fs.TestLocalDirAllocator" time="0.007">
    <error message="chmod: build/test/temp: No such file or directory&#10;" type="org.apache.hadoop.util.Shell$ExitCodeException">org.apache.hadoop.util.Shell$ExitCodeException: chmod: build/test/temp: No such file or directory

	at org.apache.hadoop.util.Shell.runCommand(Shell.java:505)
	at org.apache.hadoop.util.Shell.run(Shell.java:418)
	at org.apache.hadoop.util.Shell$ShellCommandExecutor.execute(Shell.java:650)
	at org.apache.hadoop.util.Shell.execCommand(Shell.java:739)
	at org.apache.hadoop.util.Shell.execCommand(Shell.java:722)
	at org.apache.hadoop.fs.TestLocalDirAllocator.testNoSideEffects(TestLocalDirAllocator.java:319)
</error>
    <system-out><![CDATA[2014-04-20 10:23:44,481 WARN  fs.LocalDirAllocator$AllocatorPerContext (LocalDirAllocator.java:confChanged(293)) - Failed to create file:/Volumes/Macintosh%20Users/Users/sungsoo/github/hadoop-2.4.0/hadoop-common-project/hadoop-common/build/test/temp/QUALIFIED0
]]></system-out>
  </testcase>
  <testcase name="testGetLocalPathToRead[2]" classname="org.apache.hadoop.fs.TestLocalDirAllocator" time="0.007">
    <error message="chmod: build/test/temp: No such file or directory&#10;" type="org.apache.hadoop.util.Shell$ExitCodeException">org.apache.hadoop.util.Shell$ExitCodeException: chmod: build/test/temp: No such file or directory

	at org.apache.hadoop.util.Shell.runCommand(Shell.java:505)
	at org.apache.hadoop.util.Shell.run(Shell.java:418)
	at org.apache.hadoop.util.Shell$ShellCommandExecutor.execute(Shell.java:650)
	at org.apache.hadoop.util.Shell.execCommand(Shell.java:739)
	at org.apache.hadoop.util.Shell.execCommand(Shell.java:722)
	at org.apache.hadoop.fs.TestLocalDirAllocator.testGetLocalPathToRead(TestLocalDirAllocator.java:343)
</error>
  </testcase>
  <testcase name="testGetAllLocalPathsToRead[2]" classname="org.apache.hadoop.fs.TestLocalDirAllocator" time="0.008">
    <error message="chmod: build/test/temp: No such file or directory&#10;" type="org.apache.hadoop.util.Shell$ExitCodeException">org.apache.hadoop.util.Shell$ExitCodeException: chmod: build/test/temp: No such file or directory

	at org.apache.hadoop.util.Shell.runCommand(Shell.java:505)
	at org.apache.hadoop.util.Shell.run(Shell.java:418)
	at org.apache.hadoop.util.Shell$ShellCommandExecutor.execute(Shell.java:650)
	at org.apache.hadoop.util.Shell.execCommand(Shell.java:739)
	at org.apache.hadoop.util.Shell.execCommand(Shell.java:722)
	at org.apache.hadoop.fs.TestLocalDirAllocator.testGetAllLocalPathsToRead(TestLocalDirAllocator.java:398)
</error>
  </testcase>
  <testcase name="testRemoveContext[2]" classname="org.apache.hadoop.fs.TestLocalDirAllocator" time="0.002">
    <error message="n must be positive" type="java.lang.IllegalArgumentException">java.lang.IllegalArgumentException: n must be positive
	at java.util.Random.nextInt(Random.java:250)
	at org.apache.hadoop.fs.LocalDirAllocator$AllocatorPerContext.confChanged(LocalDirAllocator.java:305)
	at org.apache.hadoop.fs.LocalDirAllocator$AllocatorPerContext.getLocalPathForWrite(LocalDirAllocator.java:344)
	at org.apache.hadoop.fs.LocalDirAllocator.getLocalPathForWrite(LocalDirAllocator.java:150)
	at org.apache.hadoop.fs.LocalDirAllocator.getLocalPathForWrite(LocalDirAllocator.java:131)
	at org.apache.hadoop.fs.TestLocalDirAllocator.testRemoveContext(TestLocalDirAllocator.java:411)
</error>
    <system-out><![CDATA[2014-04-20 10:23:44,503 WARN  fs.LocalDirAllocator$AllocatorPerContext (LocalDirAllocator.java:confChanged(293)) - Failed to create file:/Volumes/Macintosh%20Users/Users/sungsoo/github/hadoop-2.4.0/hadoop-common-project/hadoop-common/build/test/temp/QUALIFIED0
]]></system-out>
  </testcase>
</testsuite>