<?xml version="1.0" encoding="UTF-8"?>
<testsuite name="org.apache.hadoop.fs.TestFileUtil" time="6.884" tests="25" errors="2" skipped="0" failures="0">
  <properties>
[...]
</properties>
  <testcase name="testListFiles" classname="org.apache.hadoop.fs.TestFileUtil" time="0.044"/>
  <testcase name="testListAPI" classname="org.apache.hadoop.fs.TestFileUtil" time="0.025"/>
  <testcase name="testFullyDelete" classname="org.apache.hadoop.fs.TestFileUtil" time="0.02"/>
  <testcase name="testFullyDeleteSymlinks" classname="org.apache.hadoop.fs.TestFileUtil" time="0.02"/>
  <testcase name="testFullyDeleteDanglingSymlinks" classname="org.apache.hadoop.fs.TestFileUtil" time="0.02"/>
  <testcase name="testFullyDeleteContents" classname="org.apache.hadoop.fs.TestFileUtil" time="0.019"/>
  <testcase name="testFailFullyDelete" classname="org.apache.hadoop.fs.TestFileUtil" time="0.018"/>
  <testcase name="testFailFullyDeleteGrantPermissions" classname="org.apache.hadoop.fs.TestFileUtil" time="0.016"/>
  <testcase name="testFailFullyDeleteContents" classname="org.apache.hadoop.fs.TestFileUtil" time="0.015"/>
  <testcase name="testFailFullyDeleteContentsGrantPermissions" classname="org.apache.hadoop.fs.TestFileUtil" time="0.014"/>
  <testcase name="testCopyMergeSingleDirectory" classname="org.apache.hadoop.fs.TestFileUtil" time="0.278"/>
  <testcase name="testGetDU" classname="org.apache.hadoop.fs.TestFileUtil" time="0.057"/>
  <testcase name="testUnTar" classname="org.apache.hadoop.fs.TestFileUtil" time="0.058">
    <error message="tar: Error opening archive: Failed to open &apos;/Volumes/Macintosh&apos;&#10;" type="org.apache.hadoop.util.Shell$ExitCodeException">org.apache.hadoop.util.Shell$ExitCodeException: tar: Error opening archive: Failed to open '/Volumes/Macintosh'

	at org.apache.hadoop.util.Shell.runCommand(Shell.java:505)
	at org.apache.hadoop.util.Shell.run(Shell.java:418)
	at org.apache.hadoop.util.Shell$ShellCommandExecutor.execute(Shell.java:650)
	at org.apache.hadoop.fs.FileUtil.unTarUsingTar(FileUtil.java:675)
	at org.apache.hadoop.fs.FileUtil.unTar(FileUtil.java:651)
	at org.apache.hadoop.fs.TestFileUtil.testUnTar(TestFileUtil.java:635)
</error>
  </testcase>
  <testcase name="testReplaceFile" classname="org.apache.hadoop.fs.TestFileUtil" time="6.031"/>
  <testcase name="testCreateLocalTempFile" classname="org.apache.hadoop.fs.TestFileUtil" time="0.049"/>
  <testcase name="testUnZip" classname="org.apache.hadoop.fs.TestFileUtil" time="0.029"/>
  <testcase name="testCopy5" classname="org.apache.hadoop.fs.TestFileUtil" time="0.06"/>
  <testcase name="testStat2Paths1" classname="org.apache.hadoop.fs.TestFileUtil" time="0.001"/>
  <testcase name="testStat2Paths2" classname="org.apache.hadoop.fs.TestFileUtil" time="0.001"/>
  <testcase name="testSymlink" classname="org.apache.hadoop.fs.TestFileUtil" time="0.01"/>
  <testcase name="testSymlinkRenameTo" classname="org.apache.hadoop.fs.TestFileUtil" time="0.01"/>
  <testcase name="testSymlinkDelete" classname="org.apache.hadoop.fs.TestFileUtil" time="0.008"/>
  <testcase name="testSymlinkLength" classname="org.apache.hadoop.fs.TestFileUtil" time="0.01"/>
  <testcase name="testUntar" classname="org.apache.hadoop.fs.TestFileUtil" time="0.028">
    <error message="tar: Error opening archive: Failed to open &apos;/Volumes/Macintosh&apos;&#10;" type="org.apache.hadoop.util.Shell$ExitCodeException">org.apache.hadoop.util.Shell$ExitCodeException: tar: Error opening archive: Failed to open '/Volumes/Macintosh'

	at org.apache.hadoop.util.Shell.runCommand(Shell.java:505)
	at org.apache.hadoop.util.Shell.run(Shell.java:418)
	at org.apache.hadoop.util.Shell$ShellCommandExecutor.execute(Shell.java:650)
	at org.apache.hadoop.fs.FileUtil.unTarUsingTar(FileUtil.java:675)
	at org.apache.hadoop.fs.FileUtil.unTar(FileUtil.java:651)
	at org.apache.hadoop.fs.TestFileUtil.doUntarAndVerify(TestFileUtil.java:977)
	at org.apache.hadoop.fs.TestFileUtil.testUntar(TestFileUtil.java:1009)
</error>
  </testcase>
  <testcase name="testCreateJarWithClassPath" classname="org.apache.hadoop.fs.TestFileUtil" time="0.043"/>
</testsuite>