<?xml version="1.0" encoding="UTF-8"?>
<testsuite name="org.apache.hadoop.conf.TestConfiguration" time="1.782" tests="44" errors="0" skipped="0" failures="2">
  <properties>
[...]
</properties>
  <testcase name="testInputStreamResource" classname="org.apache.hadoop.conf.TestConfiguration" time="0.116"/>
  <testcase name="testMultiByteCharacters" classname="org.apache.hadoop.conf.TestConfiguration" time="0.028"/>
  <testcase name="testVariableSubstitution" classname="org.apache.hadoop.conf.TestConfiguration" time="0.052"/>
  <testcase name="testFinalParam" classname="org.apache.hadoop.conf.TestConfiguration" time="0.077"/>
  <testcase name="testOverlay" classname="org.apache.hadoop.conf.TestConfiguration" time="0.066"/>
  <testcase name="testCommentsInValue" classname="org.apache.hadoop.conf.TestConfiguration" time="0.036"/>
  <testcase name="testTrim" classname="org.apache.hadoop.conf.TestConfiguration" time="0.043"/>
  <testcase name="testGetLocalPath" classname="org.apache.hadoop.conf.TestConfiguration" time="0.661">
    <failure message="Path has internal whitespace: /Volumes/Macintosh Users/Users/sungsoo/github/hadoop-2.4.0/hadoop-common-project/hadoop-common/target/test/data/b/dir0" type="junit.framework.AssertionFailedError">junit.framework.AssertionFailedError: Path has internal whitespace: /Volumes/Macintosh Users/Users/sungsoo/github/hadoop-2.4.0/hadoop-common-project/hadoop-common/target/test/data/b/dir0
	at junit.framework.Assert.fail(Assert.java:50)
	at junit.framework.Assert.assertTrue(Assert.java:20)
	at junit.framework.Assert.assertFalse(Assert.java:34)
	at org.apache.hadoop.conf.TestConfiguration.testGetLocalPath(TestConfiguration.java:340)
</failure>
    <system-out><![CDATA[2014-04-20 10:22:31,534 WARN  util.NativeCodeLoader (NativeCodeLoader.java:<clinit>(62)) - Unable to load native-hadoop library for your platform... using builtin-java classes where applicable
]]></system-out>
  </testcase>
  <testcase name="testGetFile" classname="org.apache.hadoop.conf.TestConfiguration" time="0.017">
    <failure message="Path has internal whitespace: /Volumes/Macintosh Users/Users/sungsoo/github/hadoop-2.4.0/hadoop-common-project/hadoop-common/target/test/data/b/dir0" type="junit.framework.AssertionFailedError">junit.framework.AssertionFailedError: Path has internal whitespace: /Volumes/Macintosh Users/Users/sungsoo/github/hadoop-2.4.0/hadoop-common-project/hadoop-common/target/test/data/b/dir0
	at junit.framework.Assert.fail(Assert.java:50)
	at junit.framework.Assert.assertTrue(Assert.java:20)
	at junit.framework.Assert.assertFalse(Assert.java:34)
	at org.apache.hadoop.conf.TestConfiguration.testGetFile(TestConfiguration.java:357)
</failure>
  </testcase>
  <testcase name="testToString" classname="org.apache.hadoop.conf.TestConfiguration" time="0.001"/>
  <testcase name="testWriteXml" classname="org.apache.hadoop.conf.TestConfiguration" time="0.045"/>
  <testcase name="testIncludes" classname="org.apache.hadoop.conf.TestConfiguration" time="0.03"/>
  <testcase name="testRelativeIncludes" classname="org.apache.hadoop.conf.TestConfiguration" time="0.026"/>
  <testcase name="testIntegerRanges" classname="org.apache.hadoop.conf.TestConfiguration" time="0.025"/>
  <testcase name="testGetRangeIterator" classname="org.apache.hadoop.conf.TestConfiguration" time="0.001"/>
  <testcase name="testHexValues" classname="org.apache.hadoop.conf.TestConfiguration" time="0.023"/>
  <testcase name="testIntegerValues" classname="org.apache.hadoop.conf.TestConfiguration" time="0.024"/>
  <testcase name="testHumanReadableValues" classname="org.apache.hadoop.conf.TestConfiguration" time="0.027"/>
  <testcase name="testBooleanValues" classname="org.apache.hadoop.conf.TestConfiguration" time="0.024"/>
  <testcase name="testFloatValues" classname="org.apache.hadoop.conf.TestConfiguration" time="0.036"/>
  <testcase name="testDoubleValues" classname="org.apache.hadoop.conf.TestConfiguration" time="0.023"/>
  <testcase name="testGetClass" classname="org.apache.hadoop.conf.TestConfiguration" time="0.019"/>
  <testcase name="testGetClasses" classname="org.apache.hadoop.conf.TestConfiguration" time="0.019"/>
  <testcase name="testGetStringCollection" classname="org.apache.hadoop.conf.TestConfiguration" time="0.004"/>
  <testcase name="testGetTrimmedStringCollection" classname="org.apache.hadoop.conf.TestConfiguration" time="0.004"/>
  <testcase name="testEnum" classname="org.apache.hadoop.conf.TestConfiguration" time="0.004"/>
  <testcase name="testTimeDuration" classname="org.apache.hadoop.conf.TestConfiguration" time="0.004"/>
  <testcase name="testPattern" classname="org.apache.hadoop.conf.TestConfiguration" time="0.018"/>
  <testcase name="testPropertySource" classname="org.apache.hadoop.conf.TestConfiguration" time="0.015"/>
  <testcase name="testMultiplePropertySource" classname="org.apache.hadoop.conf.TestConfiguration" time="0.015"/>
  <testcase name="testSocketAddress" classname="org.apache.hadoop.conf.TestConfiguration" time="0.02"/>
  <testcase name="testSetSocketAddress" classname="org.apache.hadoop.conf.TestConfiguration" time="0.004"/>
  <testcase name="testUpdateSocketAddress" classname="org.apache.hadoop.conf.TestConfiguration" time="0.004"/>
  <testcase name="testReload" classname="org.apache.hadoop.conf.TestConfiguration" time="0.023"/>
  <testcase name="testSize" classname="org.apache.hadoop.conf.TestConfiguration" time="0"/>
  <testcase name="testClear" classname="org.apache.hadoop.conf.TestConfiguration" time="0"/>
  <testcase name="testClassLoader" classname="org.apache.hadoop.conf.TestConfiguration" time="0"/>
  <testcase name="testDumpConfiguration" classname="org.apache.hadoop.conf.TestConfiguration" time="0.212"/>
  <testcase name="testDumpConfiguratioWithoutDefaults" classname="org.apache.hadoop.conf.TestConfiguration" time="0.018"/>
  <testcase name="testGetValByRegex" classname="org.apache.hadoop.conf.TestConfiguration" time="0.003"/>
  <testcase name="testSettingValueNull" classname="org.apache.hadoop.conf.TestConfiguration" time="0"/>
  <testcase name="testSettingKeyNull" classname="org.apache.hadoop.conf.TestConfiguration" time="0"/>
  <testcase name="testGetClassByNameOrNull" classname="org.apache.hadoop.conf.TestConfiguration" time="0.001"/>
  <testcase name="testGetFinalParameters" classname="org.apache.hadoop.conf.TestConfiguration" time="0.014"/>
</testsuite>