<?xml version="1.0" encoding="UTF-8"?>
<testsuite name="org.apache.hadoop.fs.TestHarFileSystemBasics" time="0.833" tests="11" errors="11" skipped="0" failures="0">
  <properties>
[...]
</properties>
  <testcase name="testPositiveHarFileSystemBasics" classname="org.apache.hadoop.fs.TestHarFileSystemBasics" time="0.304">
    <error message="Illegal character in path at index 24: har:///Volumes/Macintosh Users/Users/sungsoo/github/hadoop-2.4.0/hadoop-common-project/hadoop-common/target/test/data/localfs/path1/path2/my.har" type="java.net.URISyntaxException"><![CDATA[java.net.URISyntaxException: Illegal character in path at index 24: har:///Volumes/Macintosh Users/Users/sungsoo/github/hadoop-2.4.0/hadoop-common-project/hadoop-common/target/test/data/localfs/path1/path2/my.har
	at java.net.URI$Parser.fail(URI.java:2810)
	at java.net.URI$Parser.checkChars(URI.java:2983)
	at java.net.URI$Parser.parseHierarchical(URI.java:3067)
	at java.net.URI$Parser.parse(URI.java:3015)
	at java.net.URI.<init>(URI.java:577)
	at org.apache.hadoop.fs.TestHarFileSystemBasics.createHarFileSystem(TestHarFileSystemBasics.java:88)
	at org.apache.hadoop.fs.TestHarFileSystemBasics.before(TestHarFileSystemBasics.java:133)
]]></error>
    <system-out><![CDATA[2014-04-20 10:23:40,499 WARN  util.NativeCodeLoader (NativeCodeLoader.java:<clinit>(62)) - Unable to load native-hadoop library for your platform... using builtin-java classes where applicable
]]></system-out>
  </testcase>
  <testcase name="testPositiveNewHarFsOnTheSameUnderlyingFs" classname="org.apache.hadoop.fs.TestHarFileSystemBasics" time="0.059">
    <error message="Illegal character in path at index 24: har:///Volumes/Macintosh Users/Users/sungsoo/github/hadoop-2.4.0/hadoop-common-project/hadoop-common/target/test/data/localfs/path1/path2/my.har" type="java.net.URISyntaxException"><![CDATA[java.net.URISyntaxException: Illegal character in path at index 24: har:///Volumes/Macintosh Users/Users/sungsoo/github/hadoop-2.4.0/hadoop-common-project/hadoop-common/target/test/data/localfs/path1/path2/my.har
	at java.net.URI$Parser.fail(URI.java:2810)
	at java.net.URI$Parser.checkChars(URI.java:2983)
	at java.net.URI$Parser.parseHierarchical(URI.java:3067)
	at java.net.URI$Parser.parse(URI.java:3015)
	at java.net.URI.<init>(URI.java:577)
	at org.apache.hadoop.fs.TestHarFileSystemBasics.createHarFileSystem(TestHarFileSystemBasics.java:88)
	at org.apache.hadoop.fs.TestHarFileSystemBasics.before(TestHarFileSystemBasics.java:133)
]]></error>
  </testcase>
  <testcase name="testPositiveLruMetadataCacheFs" classname="org.apache.hadoop.fs.TestHarFileSystemBasics" time="0.053">
    <error message="Illegal character in path at index 24: har:///Volumes/Macintosh Users/Users/sungsoo/github/hadoop-2.4.0/hadoop-common-project/hadoop-common/target/test/data/localfs/path1/path2/my.har" type="java.net.URISyntaxException"><![CDATA[java.net.URISyntaxException: Illegal character in path at index 24: har:///Volumes/Macintosh Users/Users/sungsoo/github/hadoop-2.4.0/hadoop-common-project/hadoop-common/target/test/data/localfs/path1/path2/my.har
	at java.net.URI$Parser.fail(URI.java:2810)
	at java.net.URI$Parser.checkChars(URI.java:2983)
	at java.net.URI$Parser.parseHierarchical(URI.java:3067)
	at java.net.URI$Parser.parse(URI.java:3015)
	at java.net.URI.<init>(URI.java:577)
	at org.apache.hadoop.fs.TestHarFileSystemBasics.createHarFileSystem(TestHarFileSystemBasics.java:88)
	at org.apache.hadoop.fs.TestHarFileSystemBasics.before(TestHarFileSystemBasics.java:133)
]]></error>
  </testcase>
  <testcase name="testPositiveInitWithoutUnderlyingFS" classname="org.apache.hadoop.fs.TestHarFileSystemBasics" time="0.048">
    <error message="Illegal character in path at index 24: har:///Volumes/Macintosh Users/Users/sungsoo/github/hadoop-2.4.0/hadoop-common-project/hadoop-common/target/test/data/localfs/path1/path2/my.har" type="java.net.URISyntaxException"><![CDATA[java.net.URISyntaxException: Illegal character in path at index 24: har:///Volumes/Macintosh Users/Users/sungsoo/github/hadoop-2.4.0/hadoop-common-project/hadoop-common/target/test/data/localfs/path1/path2/my.har
	at java.net.URI$Parser.fail(URI.java:2810)
	at java.net.URI$Parser.checkChars(URI.java:2983)
	at java.net.URI$Parser.parseHierarchical(URI.java:3067)
	at java.net.URI$Parser.parse(URI.java:3015)
	at java.net.URI.<init>(URI.java:577)
	at org.apache.hadoop.fs.TestHarFileSystemBasics.createHarFileSystem(TestHarFileSystemBasics.java:88)
	at org.apache.hadoop.fs.TestHarFileSystemBasics.before(TestHarFileSystemBasics.java:133)
]]></error>
  </testcase>
  <testcase name="testPositiveListFilesNotEndInColon" classname="org.apache.hadoop.fs.TestHarFileSystemBasics" time="0.045">
    <error message="Illegal character in path at index 24: har:///Volumes/Macintosh Users/Users/sungsoo/github/hadoop-2.4.0/hadoop-common-project/hadoop-common/target/test/data/localfs/path1/path2/my.har" type="java.net.URISyntaxException"><![CDATA[java.net.URISyntaxException: Illegal character in path at index 24: har:///Volumes/Macintosh Users/Users/sungsoo/github/hadoop-2.4.0/hadoop-common-project/hadoop-common/target/test/data/localfs/path1/path2/my.har
	at java.net.URI$Parser.fail(URI.java:2810)
	at java.net.URI$Parser.checkChars(URI.java:2983)
	at java.net.URI$Parser.parseHierarchical(URI.java:3067)
	at java.net.URI$Parser.parse(URI.java:3015)
	at java.net.URI.<init>(URI.java:577)
	at org.apache.hadoop.fs.TestHarFileSystemBasics.createHarFileSystem(TestHarFileSystemBasics.java:88)
	at org.apache.hadoop.fs.TestHarFileSystemBasics.before(TestHarFileSystemBasics.java:133)
]]></error>
  </testcase>
  <testcase name="testListLocatedStatus" classname="org.apache.hadoop.fs.TestHarFileSystemBasics" time="0.053">
    <error message="Illegal character in path at index 24: har:///Volumes/Macintosh Users/Users/sungsoo/github/hadoop-2.4.0/hadoop-common-project/hadoop-common/target/test/data/localfs/path1/path2/my.har" type="java.net.URISyntaxException"><![CDATA[java.net.URISyntaxException: Illegal character in path at index 24: har:///Volumes/Macintosh Users/Users/sungsoo/github/hadoop-2.4.0/hadoop-common-project/hadoop-common/target/test/data/localfs/path1/path2/my.har
	at java.net.URI$Parser.fail(URI.java:2810)
	at java.net.URI$Parser.checkChars(URI.java:2983)
	at java.net.URI$Parser.parseHierarchical(URI.java:3067)
	at java.net.URI$Parser.parse(URI.java:3015)
	at java.net.URI.<init>(URI.java:577)
	at org.apache.hadoop.fs.TestHarFileSystemBasics.createHarFileSystem(TestHarFileSystemBasics.java:88)
	at org.apache.hadoop.fs.TestHarFileSystemBasics.before(TestHarFileSystemBasics.java:133)
]]></error>
  </testcase>
  <testcase name="testMakeQualifiedPath" classname="org.apache.hadoop.fs.TestHarFileSystemBasics" time="0.054">
    <error message="Illegal character in path at index 24: har:///Volumes/Macintosh Users/Users/sungsoo/github/hadoop-2.4.0/hadoop-common-project/hadoop-common/target/test/data/localfs/path1/path2/my.har" type="java.net.URISyntaxException"><![CDATA[java.net.URISyntaxException: Illegal character in path at index 24: har:///Volumes/Macintosh Users/Users/sungsoo/github/hadoop-2.4.0/hadoop-common-project/hadoop-common/target/test/data/localfs/path1/path2/my.har
	at java.net.URI$Parser.fail(URI.java:2810)
	at java.net.URI$Parser.checkChars(URI.java:2983)
	at java.net.URI$Parser.parseHierarchical(URI.java:3067)
	at java.net.URI$Parser.parse(URI.java:3015)
	at java.net.URI.<init>(URI.java:577)
	at org.apache.hadoop.fs.TestHarFileSystemBasics.createHarFileSystem(TestHarFileSystemBasics.java:88)
	at org.apache.hadoop.fs.TestHarFileSystemBasics.before(TestHarFileSystemBasics.java:133)
]]></error>
  </testcase>
  <testcase name="testNegativeInitWithoutIndex" classname="org.apache.hadoop.fs.TestHarFileSystemBasics" time="0.053">
    <error message="Illegal character in path at index 24: har:///Volumes/Macintosh Users/Users/sungsoo/github/hadoop-2.4.0/hadoop-common-project/hadoop-common/target/test/data/localfs/path1/path2/my.har" type="java.net.URISyntaxException"><![CDATA[java.net.URISyntaxException: Illegal character in path at index 24: har:///Volumes/Macintosh Users/Users/sungsoo/github/hadoop-2.4.0/hadoop-common-project/hadoop-common/target/test/data/localfs/path1/path2/my.har
	at java.net.URI$Parser.fail(URI.java:2810)
	at java.net.URI$Parser.checkChars(URI.java:2983)
	at java.net.URI$Parser.parseHierarchical(URI.java:3067)
	at java.net.URI$Parser.parse(URI.java:3015)
	at java.net.URI.<init>(URI.java:577)
	at org.apache.hadoop.fs.TestHarFileSystemBasics.createHarFileSystem(TestHarFileSystemBasics.java:88)
	at org.apache.hadoop.fs.TestHarFileSystemBasics.before(TestHarFileSystemBasics.java:133)
]]></error>
  </testcase>
  <testcase name="testNegativeGetHarVersionOnNotInitializedFS" classname="org.apache.hadoop.fs.TestHarFileSystemBasics" time="0.074">
    <error message="Illegal character in path at index 24: har:///Volumes/Macintosh Users/Users/sungsoo/github/hadoop-2.4.0/hadoop-common-project/hadoop-common/target/test/data/localfs/path1/path2/my.har" type="java.net.URISyntaxException"><![CDATA[java.net.URISyntaxException: Illegal character in path at index 24: har:///Volumes/Macintosh Users/Users/sungsoo/github/hadoop-2.4.0/hadoop-common-project/hadoop-common/target/test/data/localfs/path1/path2/my.har
	at java.net.URI$Parser.fail(URI.java:2810)
	at java.net.URI$Parser.checkChars(URI.java:2983)
	at java.net.URI$Parser.parseHierarchical(URI.java:3067)
	at java.net.URI$Parser.parse(URI.java:3015)
	at java.net.URI.<init>(URI.java:577)
	at org.apache.hadoop.fs.TestHarFileSystemBasics.createHarFileSystem(TestHarFileSystemBasics.java:88)
	at org.apache.hadoop.fs.TestHarFileSystemBasics.before(TestHarFileSystemBasics.java:133)
]]></error>
  </testcase>
  <testcase name="testNegativeInitWithAnUnsupportedVersion" classname="org.apache.hadoop.fs.TestHarFileSystemBasics" time="0.044">
    <error message="Illegal character in path at index 24: har:///Volumes/Macintosh Users/Users/sungsoo/github/hadoop-2.4.0/hadoop-common-project/hadoop-common/target/test/data/localfs/path1/path2/my.har" type="java.net.URISyntaxException"><![CDATA[java.net.URISyntaxException: Illegal character in path at index 24: har:///Volumes/Macintosh Users/Users/sungsoo/github/hadoop-2.4.0/hadoop-common-project/hadoop-common/target/test/data/localfs/path1/path2/my.har
	at java.net.URI$Parser.fail(URI.java:2810)
	at java.net.URI$Parser.checkChars(URI.java:2983)
	at java.net.URI$Parser.parseHierarchical(URI.java:3067)
	at java.net.URI$Parser.parse(URI.java:3015)
	at java.net.URI.<init>(URI.java:577)
	at org.apache.hadoop.fs.TestHarFileSystemBasics.createHarFileSystem(TestHarFileSystemBasics.java:88)
	at org.apache.hadoop.fs.TestHarFileSystemBasics.before(TestHarFileSystemBasics.java:133)
]]></error>
  </testcase>
  <testcase name="testNegativeHarFsModifications" classname="org.apache.hadoop.fs.TestHarFileSystemBasics" time="0.046">
    <error message="Illegal character in path at index 24: har:///Volumes/Macintosh Users/Users/sungsoo/github/hadoop-2.4.0/hadoop-common-project/hadoop-common/target/test/data/localfs/path1/path2/my.har" type="java.net.URISyntaxException"><![CDATA[java.net.URISyntaxException: Illegal character in path at index 24: har:///Volumes/Macintosh Users/Users/sungsoo/github/hadoop-2.4.0/hadoop-common-project/hadoop-common/target/test/data/localfs/path1/path2/my.har
	at java.net.URI$Parser.fail(URI.java:2810)
	at java.net.URI$Parser.checkChars(URI.java:2983)
	at java.net.URI$Parser.parseHierarchical(URI.java:3067)
	at java.net.URI$Parser.parse(URI.java:3015)
	at java.net.URI.<init>(URI.java:577)
	at org.apache.hadoop.fs.TestHarFileSystemBasics.createHarFileSystem(TestHarFileSystemBasics.java:88)
	at org.apache.hadoop.fs.TestHarFileSystemBasics.before(TestHarFileSystemBasics.java:133)
]]></error>
  </testcase>
</testsuite>