<?xml version="1.0" encoding="UTF-8"?>
<testsuite name="org.apache.hadoop.fs.viewfs.TestChRootedFs" time="0.608" tests="11" errors="11" skipped="0" failures="0">
  <properties>
[...]
</properties>
  <testcase name="testBasicPaths" classname="org.apache.hadoop.fs.viewfs.TestChRootedFs" time="0.338">
    <error message="Illegal character in path at index 25: file:///Volumes/Macintosh Users/Users/sungsoo/github/hadoop-2.4.0/hadoop-common-project/hadoop-common/target/test/data/IDJHVux96l" type="java.net.URISyntaxException"><![CDATA[java.net.URISyntaxException: Illegal character in path at index 25: file:///Volumes/Macintosh Users/Users/sungsoo/github/hadoop-2.4.0/hadoop-common-project/hadoop-common/target/test/data/IDJHVux96l
	at java.net.URI$Parser.fail(URI.java:2810)
	at java.net.URI$Parser.checkChars(URI.java:2983)
	at java.net.URI$Parser.parseHierarchical(URI.java:3067)
	at java.net.URI$Parser.parse(URI.java:3015)
	at java.net.URI.<init>(URI.java:577)
	at org.apache.hadoop.fs.viewfs.ChRootedFs.<init>(ChRootedFs.java:109)
	at org.apache.hadoop.fs.viewfs.TestChRootedFs.setUp(TestChRootedFs.java:61)
]]></error>
    <system-out><![CDATA[2014-04-20 10:24:09,860 WARN  util.NativeCodeLoader (NativeCodeLoader.java:<clinit>(62)) - Unable to load native-hadoop library for your platform... using builtin-java classes where applicable
]]></system-out>
  </testcase>
  <testcase name="testCreateDelete" classname="org.apache.hadoop.fs.viewfs.TestChRootedFs" time="0.036">
    <error message="Illegal character in path at index 25: file:///Volumes/Macintosh Users/Users/sungsoo/github/hadoop-2.4.0/hadoop-common-project/hadoop-common/target/test/data/aYzIsnq0QN" type="java.net.URISyntaxException"><![CDATA[java.net.URISyntaxException: Illegal character in path at index 25: file:///Volumes/Macintosh Users/Users/sungsoo/github/hadoop-2.4.0/hadoop-common-project/hadoop-common/target/test/data/aYzIsnq0QN
	at java.net.URI$Parser.fail(URI.java:2810)
	at java.net.URI$Parser.checkChars(URI.java:2983)
	at java.net.URI$Parser.parseHierarchical(URI.java:3067)
	at java.net.URI$Parser.parse(URI.java:3015)
	at java.net.URI.<init>(URI.java:577)
	at org.apache.hadoop.fs.viewfs.ChRootedFs.<init>(ChRootedFs.java:109)
	at org.apache.hadoop.fs.viewfs.TestChRootedFs.setUp(TestChRootedFs.java:61)
]]></error>
  </testcase>
  <testcase name="testMkdirDelete" classname="org.apache.hadoop.fs.viewfs.TestChRootedFs" time="0.033">
    <error message="Illegal character in path at index 25: file:///Volumes/Macintosh Users/Users/sungsoo/github/hadoop-2.4.0/hadoop-common-project/hadoop-common/target/test/data/9jGgxXngz5" type="java.net.URISyntaxException"><![CDATA[java.net.URISyntaxException: Illegal character in path at index 25: file:///Volumes/Macintosh Users/Users/sungsoo/github/hadoop-2.4.0/hadoop-common-project/hadoop-common/target/test/data/9jGgxXngz5
	at java.net.URI$Parser.fail(URI.java:2810)
	at java.net.URI$Parser.checkChars(URI.java:2983)
	at java.net.URI$Parser.parseHierarchical(URI.java:3067)
	at java.net.URI$Parser.parse(URI.java:3015)
	at java.net.URI.<init>(URI.java:577)
	at org.apache.hadoop.fs.viewfs.ChRootedFs.<init>(ChRootedFs.java:109)
	at org.apache.hadoop.fs.viewfs.TestChRootedFs.setUp(TestChRootedFs.java:61)
]]></error>
  </testcase>
  <testcase name="testRename" classname="org.apache.hadoop.fs.viewfs.TestChRootedFs" time="0.031">
    <error message="Illegal character in path at index 25: file:///Volumes/Macintosh Users/Users/sungsoo/github/hadoop-2.4.0/hadoop-common-project/hadoop-common/target/test/data/0zQzw1sIH9" type="java.net.URISyntaxException"><![CDATA[java.net.URISyntaxException: Illegal character in path at index 25: file:///Volumes/Macintosh Users/Users/sungsoo/github/hadoop-2.4.0/hadoop-common-project/hadoop-common/target/test/data/0zQzw1sIH9
	at java.net.URI$Parser.fail(URI.java:2810)
	at java.net.URI$Parser.checkChars(URI.java:2983)
	at java.net.URI$Parser.parseHierarchical(URI.java:3067)
	at java.net.URI$Parser.parse(URI.java:3015)
	at java.net.URI.<init>(URI.java:577)
	at org.apache.hadoop.fs.viewfs.ChRootedFs.<init>(ChRootedFs.java:109)
	at org.apache.hadoop.fs.viewfs.TestChRootedFs.setUp(TestChRootedFs.java:61)
]]></error>
  </testcase>
  <testcase name="testRenameAcrossFs" classname="org.apache.hadoop.fs.viewfs.TestChRootedFs" time="0.028">
    <error message="Illegal character in path at index 25: file:///Volumes/Macintosh Users/Users/sungsoo/github/hadoop-2.4.0/hadoop-common-project/hadoop-common/target/test/data/dh3yh1PDDG" type="java.net.URISyntaxException"><![CDATA[java.net.URISyntaxException: Illegal character in path at index 25: file:///Volumes/Macintosh Users/Users/sungsoo/github/hadoop-2.4.0/hadoop-common-project/hadoop-common/target/test/data/dh3yh1PDDG
	at java.net.URI$Parser.fail(URI.java:2810)
	at java.net.URI$Parser.checkChars(URI.java:2983)
	at java.net.URI$Parser.parseHierarchical(URI.java:3067)
	at java.net.URI$Parser.parse(URI.java:3015)
	at java.net.URI.<init>(URI.java:577)
	at org.apache.hadoop.fs.viewfs.ChRootedFs.<init>(ChRootedFs.java:109)
	at org.apache.hadoop.fs.viewfs.TestChRootedFs.setUp(TestChRootedFs.java:61)
]]></error>
  </testcase>
  <testcase name="testList" classname="org.apache.hadoop.fs.viewfs.TestChRootedFs" time="0.027">
    <error message="Illegal character in path at index 25: file:///Volumes/Macintosh Users/Users/sungsoo/github/hadoop-2.4.0/hadoop-common-project/hadoop-common/target/test/data/aPu2xQmcAL" type="java.net.URISyntaxException"><![CDATA[java.net.URISyntaxException: Illegal character in path at index 25: file:///Volumes/Macintosh Users/Users/sungsoo/github/hadoop-2.4.0/hadoop-common-project/hadoop-common/target/test/data/aPu2xQmcAL
	at java.net.URI$Parser.fail(URI.java:2810)
	at java.net.URI$Parser.checkChars(URI.java:2983)
	at java.net.URI$Parser.parseHierarchical(URI.java:3067)
	at java.net.URI$Parser.parse(URI.java:3015)
	at java.net.URI.<init>(URI.java:577)
	at org.apache.hadoop.fs.viewfs.ChRootedFs.<init>(ChRootedFs.java:109)
	at org.apache.hadoop.fs.viewfs.TestChRootedFs.setUp(TestChRootedFs.java:61)
]]></error>
  </testcase>
  <testcase name="testWorkingDirectory" classname="org.apache.hadoop.fs.viewfs.TestChRootedFs" time="0.023">
    <error message="Illegal character in path at index 25: file:///Volumes/Macintosh Users/Users/sungsoo/github/hadoop-2.4.0/hadoop-common-project/hadoop-common/target/test/data/G1TpKHVGAq" type="java.net.URISyntaxException"><![CDATA[java.net.URISyntaxException: Illegal character in path at index 25: file:///Volumes/Macintosh Users/Users/sungsoo/github/hadoop-2.4.0/hadoop-common-project/hadoop-common/target/test/data/G1TpKHVGAq
	at java.net.URI$Parser.fail(URI.java:2810)
	at java.net.URI$Parser.checkChars(URI.java:2983)
	at java.net.URI$Parser.parseHierarchical(URI.java:3067)
	at java.net.URI$Parser.parse(URI.java:3015)
	at java.net.URI.<init>(URI.java:577)
	at org.apache.hadoop.fs.viewfs.ChRootedFs.<init>(ChRootedFs.java:109)
	at org.apache.hadoop.fs.viewfs.TestChRootedFs.setUp(TestChRootedFs.java:61)
]]></error>
  </testcase>
  <testcase name="testResolvePath" classname="org.apache.hadoop.fs.viewfs.TestChRootedFs" time="0.024">
    <error message="Illegal character in path at index 25: file:///Volumes/Macintosh Users/Users/sungsoo/github/hadoop-2.4.0/hadoop-common-project/hadoop-common/target/test/data/TAOu9Rh2M4" type="java.net.URISyntaxException"><![CDATA[java.net.URISyntaxException: Illegal character in path at index 25: file:///Volumes/Macintosh Users/Users/sungsoo/github/hadoop-2.4.0/hadoop-common-project/hadoop-common/target/test/data/TAOu9Rh2M4
	at java.net.URI$Parser.fail(URI.java:2810)
	at java.net.URI$Parser.checkChars(URI.java:2983)
	at java.net.URI$Parser.parseHierarchical(URI.java:3067)
	at java.net.URI$Parser.parse(URI.java:3015)
	at java.net.URI.<init>(URI.java:577)
	at org.apache.hadoop.fs.viewfs.ChRootedFs.<init>(ChRootedFs.java:109)
	at org.apache.hadoop.fs.viewfs.TestChRootedFs.setUp(TestChRootedFs.java:61)
]]></error>
  </testcase>
  <testcase name="testResolvePathNonExisting" classname="org.apache.hadoop.fs.viewfs.TestChRootedFs" time="0.024">
    <error message="Illegal character in path at index 25: file:///Volumes/Macintosh Users/Users/sungsoo/github/hadoop-2.4.0/hadoop-common-project/hadoop-common/target/test/data/q8PpvVHl2a" type="java.net.URISyntaxException"><![CDATA[java.net.URISyntaxException: Illegal character in path at index 25: file:///Volumes/Macintosh Users/Users/sungsoo/github/hadoop-2.4.0/hadoop-common-project/hadoop-common/target/test/data/q8PpvVHl2a
	at java.net.URI$Parser.fail(URI.java:2810)
	at java.net.URI$Parser.checkChars(URI.java:2983)
	at java.net.URI$Parser.parseHierarchical(URI.java:3067)
	at java.net.URI$Parser.parse(URI.java:3015)
	at java.net.URI.<init>(URI.java:577)
	at org.apache.hadoop.fs.viewfs.ChRootedFs.<init>(ChRootedFs.java:109)
	at org.apache.hadoop.fs.viewfs.TestChRootedFs.setUp(TestChRootedFs.java:61)
]]></error>
  </testcase>
  <testcase name="testIsValidNameValidInBaseFs" classname="org.apache.hadoop.fs.viewfs.TestChRootedFs" time="0.023">
    <error message="Illegal character in path at index 25: file:///Volumes/Macintosh Users/Users/sungsoo/github/hadoop-2.4.0/hadoop-common-project/hadoop-common/target/test/data/63B2wIUihf" type="java.net.URISyntaxException"><![CDATA[java.net.URISyntaxException: Illegal character in path at index 25: file:///Volumes/Macintosh Users/Users/sungsoo/github/hadoop-2.4.0/hadoop-common-project/hadoop-common/target/test/data/63B2wIUihf
	at java.net.URI$Parser.fail(URI.java:2810)
	at java.net.URI$Parser.checkChars(URI.java:2983)
	at java.net.URI$Parser.parseHierarchical(URI.java:3067)
	at java.net.URI$Parser.parse(URI.java:3015)
	at java.net.URI.<init>(URI.java:577)
	at org.apache.hadoop.fs.viewfs.ChRootedFs.<init>(ChRootedFs.java:109)
	at org.apache.hadoop.fs.viewfs.TestChRootedFs.setUp(TestChRootedFs.java:61)
]]></error>
  </testcase>
  <testcase name="testIsValidNameInvalidInBaseFs" classname="org.apache.hadoop.fs.viewfs.TestChRootedFs" time="0.021">
    <error message="Illegal character in path at index 25: file:///Volumes/Macintosh Users/Users/sungsoo/github/hadoop-2.4.0/hadoop-common-project/hadoop-common/target/test/data/hxt6DQVkHY" type="java.net.URISyntaxException"><![CDATA[java.net.URISyntaxException: Illegal character in path at index 25: file:///Volumes/Macintosh Users/Users/sungsoo/github/hadoop-2.4.0/hadoop-common-project/hadoop-common/target/test/data/hxt6DQVkHY
	at java.net.URI$Parser.fail(URI.java:2810)
	at java.net.URI$Parser.checkChars(URI.java:2983)
	at java.net.URI$Parser.parseHierarchical(URI.java:3067)
	at java.net.URI$Parser.parse(URI.java:3015)
	at java.net.URI.<init>(URI.java:577)
	at org.apache.hadoop.fs.viewfs.ChRootedFs.<init>(ChRootedFs.java:109)
	at org.apache.hadoop.fs.viewfs.TestChRootedFs.setUp(TestChRootedFs.java:61)
]]></error>
  </testcase>
</testsuite>